<?xml version="1.0" encoding="UTF-8"?>
<testsuite xmlns:xsi="http://www.w3.org/2001/XMLSchema-instance" xsi:noNamespaceSchemaLocation="https://maven.apache.org/surefire/maven-surefire-plugin/xsd/surefire-test-report.xsd" version="3.0.2" name="com.backendalertas.alertasmain.AlertasmainApplicationTests" time="19.631" tests="1" errors="0" skipped="0" failures="0">
  <properties>
[...]
</properties>
  <testcase name="contextLoads" classname="com.backendalertas.alertasmain.AlertasmainApplicationTests" time="1.108">
    <system-out><![CDATA[22:18:25.970 [main] INFO org.springframework.test.context.support.AnnotationConfigContextLoaderUtils -- Could not detect default configuration classes for test class [com.backendalertas.alertasmain.AlertasmainApplicationTests]: AlertasmainApplicationTests does not declare any static, non-private, non-final, nested classes annotated with @Configuration.
22:18:26.180 [main] INFO org.springframework.boot.test.context.SpringBootTestContextBootstrapper -- Found @SpringBootConfiguration com.backendalertas.alertasmain.AlertasmainApplication for test class com.backendalertas.alertasmain.AlertasmainApplicationTests
22:18:26.616 [main] INFO org.springframework.boot.devtools.restart.RestartApplicationListener -- Restart disabled due to context in which it is running

  .   ____          _            __ _ _
 /\\ / ___'_ __ _ _(_)_ __  __ _ \ \ \ \
( ( )\___ | '_ | '_| | '_ \/ _` | \ \ \ \
 \\/  ___)| |_)| | | | | || (_| |  ) ) ) )
  '  |____| .__|_| |_|_| |_\__, | / / / /
 =========|_|==============|___/=/_/_/_/

 :: Spring Boot ::       (v3.5.0-SNAPSHOT)

2025-02-03T22:18:27.298-03:00  INFO 23656 --- [alertasmain] [           main] c.b.a.AlertasmainApplicationTests        : Starting AlertasmainApplicationTests using Java 22.0.1 with PID 23656 (started by alexi in C:\Users\alexi\OneDrive\Escritorio\CloudNativeProject\alertasmain)
2025-02-03T22:18:27.298-03:00  INFO 23656 --- [alertasmain] [           main] c.b.a.AlertasmainApplicationTests        : No active profile set, falling back to 1 default profile: "default"
2025-02-03T22:18:27.298-03:00 DEBUG 23656 --- [alertasmain] [           main] o.s.boot.SpringApplication               : Loading source class com.backendalertas.alertasmain.AlertasmainApplication
2025-02-03T22:18:27.384-03:00 DEBUG 23656 --- [alertasmain] [           main] o.s.w.c.s.GenericWebApplicationContext   : Refreshing org.springframework.web.context.support.GenericWebApplicationContext@44f9779c
2025-02-03T22:18:27.431-03:00 DEBUG 23656 --- [alertasmain] [           main] o.s.b.f.s.DefaultListableBeanFactory     : Creating shared instance of singleton bean 'org.springframework.context.annotation.internalConfigurationAnnotationProcessor'
2025-02-03T22:18:27.468-03:00 DEBUG 23656 --- [alertasmain] [           main] o.s.b.f.s.DefaultListableBeanFactory     : Creating shared instance of singleton bean 'org.springframework.boot.autoconfigure.internalCachingMetadataReaderFactory'
2025-02-03T22:18:27.545-03:00 DEBUG 23656 --- [alertasmain] [           main] o.s.c.a.ClassPathBeanDefinitionScanner   : Identified candidate component class: file [C:\Users\alexi\OneDrive\Escritorio\CloudNativeProject\alertasmain\target\classes\com\backendalertas\alertasmain\config\JacksonConfig.class]
2025-02-03T22:18:27.551-03:00 DEBUG 23656 --- [alertasmain] [           main] o.s.c.a.ClassPathBeanDefinitionScanner   : Identified candidate component class: file [C:\Users\alexi\OneDrive\Escritorio\CloudNativeProject\alertasmain\target\classes\com\backendalertas\alertasmain\config\RabbitMQConfig.class]
2025-02-03T22:18:27.552-03:00 DEBUG 23656 --- [alertasmain] [           main] o.s.c.a.ClassPathBeanDefinitionScanner   : Identified candidate component class: file [C:\Users\alexi\OneDrive\Escritorio\CloudNativeProject\alertasmain\target\classes\com\backendalertas\alertasmain\config\SecurityConfig.class]
2025-02-03T22:18:27.593-03:00 DEBUG 23656 --- [alertasmain] [           main] o.s.c.a.ClassPathBeanDefinitionScanner   : Identified candidate component class: file [C:\Users\alexi\OneDrive\Escritorio\CloudNativeProject\alertasmain\target\classes\com\backendalertas\alertasmain\controller\AlertaController.class]
2025-02-03T22:18:27.603-03:00 DEBUG 23656 --- [alertasmain] [           main] o.s.c.a.ClassPathBeanDefinitionScanner   : Ignored because not a concrete top-level class: file [C:\Users\alexi\OneDrive\Escritorio\CloudNativeProject\alertasmain\target\classes\com\backendalertas\alertasmain\repository\AlertaRepository.class]
2025-02-03T22:18:27.605-03:00 DEBUG 23656 --- [alertasmain] [           main] o.s.c.a.ClassPathBeanDefinitionScanner   : Identified candidate component class: file [C:\Users\alexi\OneDrive\Escritorio\CloudNativeProject\alertasmain\target\classes\com\backendalertas\alertasmain\service\AlertaService.class]
2025-02-03T22:18:27.607-03:00 DEBUG 23656 --- [alertasmain] [           main] o.s.c.a.ClassPathBeanDefinitionScanner   : Identified candidate component class: file [C:\Users\alexi\OneDrive\Escritorio\CloudNativeProject\alertasmain\target\classes\com\backendalertas\alertasmain\service\RabbitMQSender.class]
2025-02-03T22:18:29.523-03:00  INFO 23656 --- [alertasmain] [           main] .s.d.r.c.RepositoryConfigurationDelegate : Bootstrapping Spring Data JPA repositories in DEFAULT mode.
2025-02-03T22:18:29.545-03:00 DEBUG 23656 --- [alertasmain] [           main] o.s.b.f.s.DefaultListableBeanFactory     : Creating shared instance of singleton bean 'org.springframework.boot.autoconfigure.AutoConfigurationPackages'
2025-02-03T22:18:29.562-03:00 DEBUG 23656 --- [alertasmain] [           main] o.s.b.a.AutoConfigurationPackages        : @EnableAutoConfiguration was declared on a class in the package 'com.backendalertas.alertasmain'. Automatic @Repository and @Entity scanning is enabled.
2025-02-03T22:18:29.565-03:00 DEBUG 23656 --- [alertasmain] [           main] .s.d.r.c.RepositoryConfigurationDelegate : Scanning for JPA repositories in packages com.backendalertas.alertasmain.
2025-02-03T22:18:29.590-03:00 DEBUG 23656 --- [alertasmain] [           main] o.s.d.r.c.RepositoryComponentProvider    : Identified candidate component class: file [C:\Users\alexi\OneDrive\Escritorio\CloudNativeProject\alertasmain\target\classes\com\backendalertas\alertasmain\repository\AlertaRepository.class]
2025-02-03T22:18:29.677-03:00  INFO 23656 --- [alertasmain] [           main] .s.d.r.c.RepositoryConfigurationDelegate : Finished Spring Data repository scanning in 108 ms. Found 1 JPA repository interface.
2025-02-03T22:18:29.912-03:00 DEBUG 23656 --- [alertasmain] [           main] o.s.b.f.s.DefaultListableBeanFactory     : Creating shared instance of singleton bean 'springSecurityHandlerMappingIntrospectorBeanDefinitionRegistryPostProcessor'
2025-02-03T22:18:30.181-03:00 DEBUG 23656 --- [alertasmain] [           main] o.s.b.f.s.DefaultListableBeanFactory     : Creating shared instance of singleton bean 'propertySourcesPlaceholderConfigurer'
2025-02-03T22:18:30.197-03:00 DEBUG 23656 --- [alertasmain] [           main] o.s.b.f.s.DefaultListableBeanFactory     : Creating shared instance of singleton bean 'org.springframework.boot.test.mock.mockito.MockitoPostProcessor'
2025-02-03T22:18:30.197-03:00 DEBUG 23656 --- [alertasmain] [           main] o.s.b.f.s.DefaultListableBeanFactory     : Creating shared instance of singleton bean 'emBeanDefinitionRegistrarPostProcessor'
2025-02-03T22:18:30.197-03:00 DEBUG 23656 --- [alertasmain] [           main] o.s.b.f.s.DefaultListableBeanFactory     : Creating shared instance of singleton bean 'org.springframework.boot.sql.init.dependency.DatabaseInitializationDependencyConfigurer$DependsOnDatabaseInitializationPostProcessor'
2025-02-03T22:18:30.335-03:00 DEBUG 23656 --- [alertasmain] [           main] o.s.b.f.s.DefaultListableBeanFactory     : Creating shared instance of singleton bean 'org.springframework.context.event.internalEventListenerProcessor'
2025-02-03T22:18:30.335-03:00 DEBUG 23656 --- [alertasmain] [           main] o.s.b.f.s.DefaultListableBeanFactory     : Creating shared instance of singleton bean 'preserveErrorControllerTargetClassPostProcessor'
2025-02-03T22:18:30.335-03:00 DEBUG 23656 --- [alertasmain] [           main] o.s.b.f.s.DefaultListableBeanFactory     : Creating shared instance of singleton bean 'conversionServicePostProcessor'
2025-02-03T22:18:30.351-03:00 DEBUG 23656 --- [alertasmain] [           main] o.s.b.f.s.DefaultListableBeanFactory     : Creating shared instance of singleton bean 'org.springframework.context.event.internalEventListenerFactory'
2025-02-03T22:18:30.351-03:00 DEBUG 23656 --- [alertasmain] [           main] o.s.b.f.s.DefaultListableBeanFactory     : Creating shared instance of singleton bean 'org.springframework.transaction.config.internalTransactionalEventListenerFactory'
2025-02-03T22:18:30.373-03:00 DEBUG 23656 --- [alertasmain] [           main] o.s.b.f.s.DefaultListableBeanFactory     : Creating shared instance of singleton bean 'org.springframework.boot.test.mock.mockito.MockitoPostProcessor$SpyPostProcessor'
2025-02-03T22:18:30.374-03:00 DEBUG 23656 --- [alertasmain] [           main] o.s.b.f.s.DefaultListableBeanFactory     : Creating shared instance of singleton bean 'org.springframework.context.annotation.internalAutowiredAnnotationProcessor'
2025-02-03T22:18:30.374-03:00 DEBUG 23656 --- [alertasmain] [           main] o.s.b.f.s.DefaultListableBeanFactory     : Creating shared instance of singleton bean 'org.springframework.context.annotation.internalCommonAnnotationProcessor'
2025-02-03T22:18:30.374-03:00 DEBUG 23656 --- [alertasmain] [           main] o.s.b.f.s.DefaultListableBeanFactory     : Creating shared instance of singleton bean 'org.springframework.context.annotation.internalPersistenceAnnotationProcessor'
2025-02-03T22:18:30.390-03:00 DEBUG 23656 --- [alertasmain] [           main] o.s.b.f.s.DefaultListableBeanFactory     : Creating shared instance of singleton bean 'org.springframework.boot.context.properties.ConfigurationPropertiesBindingPostProcessor'
2025-02-03T22:18:30.390-03:00 DEBUG 23656 --- [alertasmain] [           main] o.s.b.f.s.DefaultListableBeanFactory     : Creating shared instance of singleton bean 'org.springframework.boot.context.internalConfigurationPropertiesBinder'
2025-02-03T22:18:30.390-03:00 DEBUG 23656 --- [alertasmain] [           main] o.s.b.f.s.DefaultListableBeanFactory     : Creating shared instance of singleton bean 'jdbcConnectionDetailsHikariBeanPostProcessor'
2025-02-03T22:18:30.408-03:00 DEBUG 23656 --- [alertasmain] [           main] o.s.b.f.s.DefaultListableBeanFactory     : Creating shared instance of singleton bean 'org.springframework.amqp.rabbit.config.internalRabbitListenerAnnotationProcessor'
2025-02-03T22:18:30.437-03:00 DEBUG 23656 --- [alertasmain] [           main] o.s.b.f.s.DefaultListableBeanFactory     : Creating shared instance of singleton bean 'rabbitConnectionFactoryMetricsPostProcessor'
2025-02-03T22:18:30.471-03:00 DEBUG 23656 --- [alertasmain] [           main] o.s.b.f.s.DefaultListableBeanFactory     : Autowiring by type from bean name 'rabbitConnectionFactoryMetricsPostProcessor' via factory method to bean named 'org.springframework.web.context.support.GenericWebApplicationContext@44f9779c'
2025-02-03T22:18:30.473-03:00 DEBUG 23656 --- [alertasmain] [           main] o.s.b.f.s.DefaultListableBeanFactory     : Creating shared instance of singleton bean 'org.springframework.aop.config.internalAutoProxyCreator'
2025-02-03T22:18:30.532-03:00 DEBUG 23656 --- [alertasmain] [           main] o.s.b.f.s.DefaultListableBeanFactory     : Creating shared instance of singleton bean 'persistenceExceptionTranslationPostProcessor'
2025-02-03T22:18:30.534-03:00 DEBUG 23656 --- [alertasmain] [           main] o.s.b.f.s.DefaultListableBeanFactory     : Autowiring by type from bean name 'persistenceExceptionTranslationPostProcessor' via factory method to bean named 'environment'
2025-02-03T22:18:30.544-03:00 DEBUG 23656 --- [alertasmain] [           main] o.s.b.f.s.DefaultListableBeanFactory     : Creating shared instance of singleton bean 'webServerFactoryCustomizerBeanPostProcessor'
2025-02-03T22:18:30.546-03:00 DEBUG 23656 --- [alertasmain] [           main] o.s.b.f.s.DefaultListableBeanFactory     : Creating shared instance of singleton bean 'errorPageRegistrarBeanPostProcessor'
2025-02-03T22:18:30.547-03:00 DEBUG 23656 --- [alertasmain] [           main] o.s.b.f.s.DefaultListableBeanFactory     : Creating shared instance of singleton bean 'healthEndpointGroupsBeanPostProcessor'
2025-02-03T22:18:30.549-03:00 DEBUG 23656 --- [alertasmain] [           main] o.s.b.f.s.DefaultListableBeanFactory     : Creating shared instance of singleton bean 'org.springframework.transaction.config.internalTransactionAdvisor'
2025-02-03T22:18:30.550-03:00 DEBUG 23656 --- [alertasmain] [           main] o.s.b.f.s.DefaultListableBeanFactory     : Creating shared instance of singleton bean 'org.springframework.transaction.annotation.ProxyTransactionManagementConfiguration'
2025-02-03T22:18:30.592-03:00 DEBUG 23656 --- [alertasmain] [           main] .s.a.a.a.ReflectiveAspectJAdvisorFactory : Found AspectJ method: public java.lang.Object io.micrometer.observation.aop.ObservedAspect.observeClass(org.aspectj.lang.ProceedingJoinPoint) throws java.lang.Throwable
2025-02-03T22:18:30.603-03:00 DEBUG 23656 --- [alertasmain] [           main] .s.a.a.a.ReflectiveAspectJAdvisorFactory : Found AspectJ method: public java.lang.Object io.micrometer.observation.aop.ObservedAspect.observeMethod(org.aspectj.lang.ProceedingJoinPoint) throws java.lang.Throwable
2025-02-03T22:18:30.944-03:00 DEBUG 23656 --- [alertasmain] [           main] o.s.b.f.s.DefaultListableBeanFactory     : Creating shared instance of singleton bean 'transactionAttributeSource'
2025-02-03T22:18:30.944-03:00 DEBUG 23656 --- [alertasmain] [           main] o.s.b.f.s.DefaultListableBeanFactory     : Creating shared instance of singleton bean 'transactionInterceptor'
2025-02-03T22:18:30.959-03:00 DEBUG 23656 --- [alertasmain] [           main] o.s.b.f.s.DefaultListableBeanFactory     : Autowiring by type from bean name 'transactionInterceptor' via factory method to bean named 'transactionAttributeSource'
2025-02-03T22:18:30.959-03:00 DEBUG 23656 --- [alertasmain] [           main] o.s.b.f.s.DefaultListableBeanFactory     : Autowiring by type from bean name 'org.springframework.transaction.config.internalTransactionAdvisor' via factory method to bean named 'transactionAttributeSource'
2025-02-03T22:18:30.959-03:00 DEBUG 23656 --- [alertasmain] [           main] o.s.b.f.s.DefaultListableBeanFactory     : Autowiring by type from bean name 'org.springframework.transaction.config.internalTransactionAdvisor' via factory method to bean named 'transactionInterceptor'
2025-02-03T22:18:30.975-03:00 DEBUG 23656 --- [alertasmain] [           main] o.s.b.f.s.DefaultListableBeanFactory     : Creating shared instance of singleton bean 'meterRegistryPostProcessor'
2025-02-03T22:18:30.975-03:00 DEBUG 23656 --- [alertasmain] [           main] o.s.b.f.s.DefaultListableBeanFactory     : Autowiring by type from bean name 'meterRegistryPostProcessor' via factory method to bean named 'org.springframework.web.context.support.GenericWebApplicationContext@44f9779c'
2025-02-03T22:18:30.991-03:00 DEBUG 23656 --- [alertasmain] [           main] o.s.b.f.s.DefaultListableBeanFactory     : Creating shared instance of singleton bean 'metricsRepositoryMethodInvocationListenerBeanPostProcessor'
2025-02-03T22:18:31.006-03:00 DEBUG 23656 --- [alertasmain] [           main] o.s.b.f.s.DefaultListableBeanFactory     : Creating shared instance of singleton bean 'observationRegistryPostProcessor'
2025-02-03T22:18:31.017-03:00 DEBUG 23656 --- [alertasmain] [           main] o.s.b.f.s.DefaultListableBeanFactory     : Creating shared instance of singleton bean 'projectingArgumentResolverBeanPostProcessor'
2025-02-03T22:18:31.144-03:00 DEBUG 23656 --- [alertasmain] [           main] o.s.u.c.s.UiApplicationContextUtils      : Unable to locate ThemeSource with name 'themeSource': using default [org.springframework.ui.context.support.ResourceBundleThemeSource@7ac48f05]
2025-02-03T22:18:31.148-03:00 DEBUG 23656 --- [alertasmain] [           main] o.s.b.f.s.DefaultListableBeanFactory     : Creating shared instance of singleton bean 'org.springframework.test.context.support.internalDynamicPropertyRegistrarBeanInitializer'
2025-02-03T22:18:31.157-03:00 DEBUG 23656 --- [alertasmain] [           main] o.s.b.f.s.DefaultListableBeanFactory     : Creating shared instance of singleton bean 'dataSourceScriptDatabaseInitializer'
2025-02-03T22:18:31.157-03:00 DEBUG 23656 --- [alertasmain] [           main] o.s.b.f.s.DefaultListableBeanFactory     : Creating shared instance of singleton bean 'org.springframework.boot.autoconfigure.sql.init.DataSourceInitializationConfiguration'
2025-02-03T22:18:31.157-03:00 DEBUG 23656 --- [alertasmain] [           main] o.s.b.f.s.DefaultListableBeanFactory     : Creating shared instance of singleton bean 'dataSource'
2025-02-03T22:18:31.157-03:00 DEBUG 23656 --- [alertasmain] [           main] o.s.b.f.s.DefaultListableBeanFactory     : Creating shared instance of singleton bean 'org.springframework.boot.autoconfigure.jdbc.DataSourceConfiguration$Hikari'
2025-02-03T22:18:31.170-03:00 DEBUG 23656 --- [alertasmain] [           main] o.s.b.f.s.DefaultListableBeanFactory     : Creating shared instance of singleton bean 'spring.datasource-org.springframework.boot.autoconfigure.jdbc.DataSourceProperties'
2025-02-03T22:18:31.171-03:00 DEBUG 23656 --- [alertasmain] [           main] o.s.b.f.s.DefaultListableBeanFactory     : Creating shared instance of singleton bean 'org.springframework.boot.context.properties.BoundConfigurationProperties'
2025-02-03T22:18:31.219-03:00 DEBUG 23656 --- [alertasmain] [           main] o.s.b.f.s.DefaultListableBeanFactory     : Creating shared instance of singleton bean 'jdbcConnectionDetails'
2025-02-03T22:18:31.219-03:00 DEBUG 23656 --- [alertasmain] [           main] o.s.b.f.s.DefaultListableBeanFactory     : Creating shared instance of singleton bean 'org.springframework.boot.autoconfigure.jdbc.DataSourceAutoConfiguration$PooledDataSourceConfiguration'
2025-02-03T22:18:31.219-03:00 DEBUG 23656 --- [alertasmain] [           main] o.s.b.f.s.DefaultListableBeanFactory     : Autowiring by type from bean name 'jdbcConnectionDetails' via factory method to bean named 'spring.datasource-org.springframework.boot.autoconfigure.jdbc.DataSourceProperties'
2025-02-03T22:18:31.219-03:00 DEBUG 23656 --- [alertasmain] [           main] o.s.b.f.s.DefaultListableBeanFactory     : Autowiring by type from bean name 'dataSource' via factory method to bean named 'spring.datasource-org.springframework.boot.autoconfigure.jdbc.DataSourceProperties'
2025-02-03T22:18:31.219-03:00 DEBUG 23656 --- [alertasmain] [           main] o.s.b.f.s.DefaultListableBeanFactory     : Autowiring by type from bean name 'dataSource' via factory method to bean named 'jdbcConnectionDetails'
2025-02-03T22:18:31.646-03:00 DEBUG 23656 --- [alertasmain] [           main] o.s.b.f.s.DefaultListableBeanFactory     : Creating shared instance of singleton bean 'spring.sql.init-org.springframework.boot.autoconfigure.sql.init.SqlInitializationProperties'
2025-02-03T22:18:31.662-03:00 DEBUG 23656 --- [alertasmain] [           main] o.s.b.f.s.DefaultListableBeanFactory     : Autowiring by type from bean name 'dataSourceScriptDatabaseInitializer' via factory method to bean named 'dataSource'
2025-02-03T22:18:31.662-03:00 DEBUG 23656 --- [alertasmain] [           main] o.s.b.f.s.DefaultListableBeanFactory     : Autowiring by type from bean name 'dataSourceScriptDatabaseInitializer' via factory method to bean named 'spring.sql.init-org.springframework.boot.autoconfigure.sql.init.SqlInitializationProperties'
2025-02-03T22:18:31.677-03:00 DEBUG 23656 --- [alertasmain] [           main] o.s.b.f.s.DefaultListableBeanFactory     : Creating shared instance of singleton bean 'entityManagerFactory'
2025-02-03T22:18:31.677-03:00 DEBUG 23656 --- [alertasmain] [           main] o.s.b.f.s.DefaultListableBeanFactory     : Creating shared instance of singleton bean 'org.springframework.boot.autoconfigure.orm.jpa.HibernateJpaConfiguration'
2025-02-03T22:18:31.677-03:00 DEBUG 23656 --- [alertasmain] [           main] o.s.b.f.s.DefaultListableBeanFactory     : Creating shared instance of singleton bean 'spring.jpa-org.springframework.boot.autoconfigure.orm.jpa.JpaProperties'
2025-02-03T22:18:31.705-03:00 DEBUG 23656 --- [alertasmain] [           main] o.s.b.f.s.DefaultListableBeanFactory     : Creating shared instance of singleton bean 'spring.jpa.hibernate-org.springframework.boot.autoconfigure.orm.jpa.HibernateProperties'
2025-02-03T22:18:31.705-03:00 DEBUG 23656 --- [alertasmain] [           main] o.s.b.f.s.DefaultListableBeanFactory     : Autowiring by type from bean name 'org.springframework.boot.autoconfigure.orm.jpa.HibernateJpaConfiguration' via constructor to bean named 'dataSource'
2025-02-03T22:18:31.705-03:00 DEBUG 23656 --- [alertasmain] [           main] o.s.b.f.s.DefaultListableBeanFactory     : Autowiring by type from bean name 'org.springframework.boot.autoconfigure.orm.jpa.HibernateJpaConfiguration' via constructor to bean named 'spring.jpa-org.springframework.boot.autoconfigure.orm.jpa.JpaProperties'
2025-02-03T22:18:31.719-03:00 DEBUG 23656 --- [alertasmain] [           main] o.s.b.f.s.DefaultListableBeanFactory     : Autowiring by type from bean name 'org.springframework.boot.autoconfigure.orm.jpa.HibernateJpaConfiguration' via constructor to bean named 'org.springframework.beans.factory.support.DefaultListableBeanFactory@64f555e7'
2025-02-03T22:18:31.719-03:00 DEBUG 23656 --- [alertasmain] [           main] o.s.b.f.s.DefaultListableBeanFactory     : Autowiring by type from bean name 'org.springframework.boot.autoconfigure.orm.jpa.HibernateJpaConfiguration' via constructor to bean named 'spring.jpa.hibernate-org.springframework.boot.autoconfigure.orm.jpa.HibernateProperties'
2025-02-03T22:18:31.727-03:00 DEBUG 23656 --- [alertasmain] [           main] o.s.b.f.s.DefaultListableBeanFactory     : Creating shared instance of singleton bean 'hikariPoolDataSourceMetadataProvider'
2025-02-03T22:18:31.728-03:00 DEBUG 23656 --- [alertasmain] [           main] o.s.b.f.s.DefaultListableBeanFactory     : Creating shared instance of singleton bean 'org.springframework.boot.autoconfigure.jdbc.metadata.DataSourcePoolMetadataProvidersConfiguration$HikariPoolDataSourceMetadataProviderConfiguration'
2025-02-03T22:18:31.752-03:00 DEBUG 23656 --- [alertasmain] [           main] o.s.b.f.s.DefaultListableBeanFactory     : Creating shared instance of singleton bean 'entityManagerFactoryBuilder'
2025-02-03T22:18:31.752-03:00 DEBUG 23656 --- [alertasmain] [           main] o.s.b.f.s.DefaultListableBeanFactory     : Creating shared instance of singleton bean 'jpaVendorAdapter'
2025-02-03T22:18:31.826-03:00 DEBUG 23656 --- [alertasmain] [           main] o.s.b.f.s.DefaultListableBeanFactory     : Autowiring by type from bean name 'entityManagerFactoryBuilder' via factory method to bean named 'jpaVendorAdapter'
2025-02-03T22:18:31.862-03:00 DEBUG 23656 --- [alertasmain] [           main] o.s.b.f.s.DefaultListableBeanFactory     : Creating shared instance of singleton bean 'persistenceManagedTypes'
2025-02-03T22:18:31.865-03:00 DEBUG 23656 --- [alertasmain] [           main] o.s.b.f.s.DefaultListableBeanFactory     : Autowiring by type from bean name 'persistenceManagedTypes' via factory method to bean named 'org.springframework.beans.factory.support.DefaultListableBeanFactory@64f555e7'
2025-02-03T22:18:31.866-03:00 DEBUG 23656 --- [alertasmain] [           main] o.s.b.f.s.DefaultListableBeanFactory     : Autowiring by type from bean name 'persistenceManagedTypes' via factory method to bean named 'org.springframework.web.context.support.GenericWebApplicationContext@44f9779c'
2025-02-03T22:18:31.886-03:00 DEBUG 23656 --- [alertasmain] [           main] o.s.b.f.s.DefaultListableBeanFactory     : Autowiring by type from bean name 'entityManagerFactory' via factory method to bean named 'entityManagerFactoryBuilder'
2025-02-03T22:18:31.886-03:00 DEBUG 23656 --- [alertasmain] [           main] o.s.b.f.s.DefaultListableBeanFactory     : Autowiring by type from bean name 'entityManagerFactory' via factory method to bean named 'persistenceManagedTypes'
2025-02-03T22:18:31.925-03:00 DEBUG 23656 --- [alertasmain] [           main] j.LocalContainerEntityManagerFactoryBean : Building JPA container EntityManagerFactory for persistence unit 'default'
2025-02-03T22:18:31.987-03:00 DEBUG 23656 --- [alertasmain] [           main] o.hibernate.jpa.internal.util.LogHelper  : PersistenceUnitInfo [
	name: default
	persistence provider classname: null
	classloader: jdk.internal.loader.ClassLoaders$AppClassLoader@70dea4e
	excludeUnlistedClasses: true
	JTA datasource: null
	Non JTA datasource: HikariDataSource (null)
	Transaction type: RESOURCE_LOCAL
	PU root URL: file:/C:/Users/alexi/OneDrive/Escritorio/CloudNativeProject/alertasmain/target/test-classes/
	Shared Cache Mode: UNSPECIFIED
	Validation Mode: AUTO
	Jar files URLs []
	Managed classes names [
		com.backendalertas.alertasmain.model.AlertaModel]
	Mapping files names []
	Properties []
2025-02-03T22:18:32.038-03:00 DEBUG 23656 --- [alertasmain] [           main] o.h.i.internal.IntegratorServiceImpl     : Adding Integrator [org.hibernate.boot.beanvalidation.BeanValidationIntegrator].
2025-02-03T22:18:32.038-03:00 DEBUG 23656 --- [alertasmain] [           main] o.h.i.internal.IntegratorServiceImpl     : Adding Integrator [org.hibernate.cache.internal.CollectionCacheInvalidator].
2025-02-03T22:18:32.209-03:00  INFO 23656 --- [alertasmain] [           main] org.hibernate.Version                    : HHH000412: Hibernate ORM core version 6.6.5.Final
2025-02-03T22:18:32.211-03:00 DEBUG 23656 --- [alertasmain] [           main] org.hibernate.cfg.Environment            : HHH000206: 'hibernate.properties' not found
2025-02-03T22:18:32.270-03:00 DEBUG 23656 --- [alertasmain] [           main] org.hibernate.orm.idgen.factory          : Registering IdentifierGenerator strategy [uuid2] -> [org.hibernate.id.UUIDGenerator]
2025-02-03T22:18:32.271-03:00 DEBUG 23656 --- [alertasmain] [           main] org.hibernate.orm.idgen.factory          : Registering IdentifierGenerator strategy [guid] -> [org.hibernate.id.GUIDGenerator]
2025-02-03T22:18:32.271-03:00 DEBUG 23656 --- [alertasmain] [           main] org.hibernate.orm.idgen.factory          : Registering IdentifierGenerator strategy [uuid] -> [org.hibernate.id.UUIDHexGenerator]
2025-02-03T22:18:32.271-03:00 DEBUG 23656 --- [alertasmain] [           main] org.hibernate.orm.idgen.factory          : Registering IdentifierGenerator strategy [uuid.hex] -> [org.hibernate.id.UUIDHexGenerator]
2025-02-03T22:18:32.271-03:00 DEBUG 23656 --- [alertasmain] [           main] org.hibernate.orm.idgen.factory          : Registering IdentifierGenerator strategy [assigned] -> [org.hibernate.id.Assigned]
2025-02-03T22:18:32.271-03:00 DEBUG 23656 --- [alertasmain] [           main] org.hibernate.orm.idgen.factory          : Registering IdentifierGenerator strategy [identity] -> [org.hibernate.id.IdentityGenerator]
2025-02-03T22:18:32.271-03:00 DEBUG 23656 --- [alertasmain] [           main] org.hibernate.orm.idgen.factory          : Registering IdentifierGenerator strategy [select] -> [org.hibernate.id.SelectGenerator]
2025-02-03T22:18:32.271-03:00 DEBUG 23656 --- [alertasmain] [           main] org.hibernate.orm.idgen.factory          : Registering IdentifierGenerator strategy [sequence] -> [org.hibernate.id.enhanced.SequenceStyleGenerator]
2025-02-03T22:18:32.271-03:00 DEBUG 23656 --- [alertasmain] [           main] org.hibernate.orm.idgen.factory          : Registering IdentifierGenerator strategy [increment] -> [org.hibernate.id.IncrementGenerator]
2025-02-03T22:18:32.271-03:00 DEBUG 23656 --- [alertasmain] [           main] org.hibernate.orm.idgen.factory          : Registering IdentifierGenerator strategy [foreign] -> [org.hibernate.id.ForeignGenerator]
2025-02-03T22:18:32.271-03:00 DEBUG 23656 --- [alertasmain] [           main] org.hibernate.orm.idgen.factory          : Registering IdentifierGenerator strategy [enhanced-sequence] -> [org.hibernate.id.enhanced.SequenceStyleGenerator]
2025-02-03T22:18:32.271-03:00 DEBUG 23656 --- [alertasmain] [           main] org.hibernate.orm.idgen.factory          : Registering IdentifierGenerator strategy [enhanced-table] -> [org.hibernate.id.enhanced.TableGenerator]
2025-02-03T22:18:32.302-03:00 DEBUG 23656 --- [alertasmain] [           main] o.h.c.internal.RegionFactoryInitiator    : Cannot default RegionFactory based on registered strategies as `[]` RegionFactory strategies were registered
2025-02-03T22:18:32.304-03:00  INFO 23656 --- [alertasmain] [           main] o.h.c.internal.RegionFactoryInitiator    : HHH000026: Second-level cache disabled
2025-02-03T22:18:32.530-03:00 DEBUG 23656 --- [alertasmain] [           main] org.hibernate.type.BasicTypeRegistry     : Adding type registration boolean -> org.hibernate.type.BasicTypeReference@35e689a0
2025-02-03T22:18:32.530-03:00 DEBUG 23656 --- [alertasmain] [           main] org.hibernate.type.BasicTypeRegistry     : Adding type registration boolean -> org.hibernate.type.BasicTypeReference@35e689a0
2025-02-03T22:18:32.530-03:00 DEBUG 23656 --- [alertasmain] [           main] org.hibernate.type.BasicTypeRegistry     : Adding type registration java.lang.Boolean -> org.hibernate.type.BasicTypeReference@35e689a0
2025-02-03T22:18:32.530-03:00 DEBUG 23656 --- [alertasmain] [           main] org.hibernate.type.BasicTypeRegistry     : Adding type registration numeric_boolean -> org.hibernate.type.BasicTypeReference@43b6cb1c
2025-02-03T22:18:32.530-03:00 DEBUG 23656 --- [alertasmain] [           main] org.hibernate.type.BasicTypeRegistry     : Adding type registration org.hibernate.type.NumericBooleanConverter -> org.hibernate.type.BasicTypeReference@43b6cb1c
2025-02-03T22:18:32.530-03:00 DEBUG 23656 --- [alertasmain] [           main] org.hibernate.type.BasicTypeRegistry     : Adding type registration true_false -> org.hibernate.type.BasicTypeReference@3bf5911d
2025-02-03T22:18:32.530-03:00 DEBUG 23656 --- [alertasmain] [           main] org.hibernate.type.BasicTypeRegistry     : Adding type registration org.hibernate.type.TrueFalseConverter -> org.hibernate.type.BasicTypeReference@3bf5911d
2025-02-03T22:18:32.530-03:00 DEBUG 23656 --- [alertasmain] [           main] org.hibernate.type.BasicTypeRegistry     : Adding type registration yes_no -> org.hibernate.type.BasicTypeReference@1de30c31
2025-02-03T22:18:32.530-03:00 DEBUG 23656 --- [alertasmain] [           main] org.hibernate.type.BasicTypeRegistry     : Adding type registration org.hibernate.type.YesNoConverter -> org.hibernate.type.BasicTypeReference@1de30c31
2025-02-03T22:18:32.530-03:00 DEBUG 23656 --- [alertasmain] [           main] org.hibernate.type.BasicTypeRegistry     : Adding type registration byte -> org.hibernate.type.BasicTypeReference@1cc93da4
2025-02-03T22:18:32.530-03:00 DEBUG 23656 --- [alertasmain] [           main] org.hibernate.type.BasicTypeRegistry     : Adding type registration byte -> org.hibernate.type.BasicTypeReference@1cc93da4
2025-02-03T22:18:32.530-03:00 DEBUG 23656 --- [alertasmain] [           main] org.hibernate.type.BasicTypeRegistry     : Adding type registration java.lang.Byte -> org.hibernate.type.BasicTypeReference@1cc93da4
2025-02-03T22:18:32.530-03:00 DEBUG 23656 --- [alertasmain] [           main] org.hibernate.type.BasicTypeRegistry     : Adding type registration binary -> org.hibernate.type.BasicTypeReference@69d2fb0a
2025-02-03T22:18:32.530-03:00 DEBUG 23656 --- [alertasmain] [           main] org.hibernate.type.BasicTypeRegistry     : Adding type registration byte[] -> org.hibernate.type.BasicTypeReference@69d2fb0a
2025-02-03T22:18:32.530-03:00 DEBUG 23656 --- [alertasmain] [           main] org.hibernate.type.BasicTypeRegistry     : Adding type registration [B -> org.hibernate.type.BasicTypeReference@69d2fb0a
2025-02-03T22:18:32.530-03:00 DEBUG 23656 --- [alertasmain] [           main] org.hibernate.type.BasicTypeRegistry     : Adding type registration binary_wrapper -> org.hibernate.type.BasicTypeReference@7e38e254
2025-02-03T22:18:32.530-03:00 DEBUG 23656 --- [alertasmain] [           main] org.hibernate.type.BasicTypeRegistry     : Adding type registration wrapper-binary -> org.hibernate.type.BasicTypeReference@7e38e254
2025-02-03T22:18:32.530-03:00 DEBUG 23656 --- [alertasmain] [           main] org.hibernate.type.BasicTypeRegistry     : Adding type registration image -> org.hibernate.type.BasicTypeReference@7b3feb26
2025-02-03T22:18:32.530-03:00 DEBUG 23656 --- [alertasmain] [           main] org.hibernate.type.BasicTypeRegistry     : Adding type registration blob -> org.hibernate.type.BasicTypeReference@2e4ecdf8
2025-02-03T22:18:32.530-03:00 DEBUG 23656 --- [alertasmain] [           main] org.hibernate.type.BasicTypeRegistry     : Adding type registration java.sql.Blob -> org.hibernate.type.BasicTypeReference@2e4ecdf8
2025-02-03T22:18:32.530-03:00 DEBUG 23656 --- [alertasmain] [           main] org.hibernate.type.BasicTypeRegistry     : Adding type registration materialized_blob -> org.hibernate.type.BasicTypeReference@503a7990
2025-02-03T22:18:32.530-03:00 DEBUG 23656 --- [alertasmain] [           main] org.hibernate.type.BasicTypeRegistry     : Adding type registration materialized_blob_wrapper -> org.hibernate.type.BasicTypeReference@69a90b81
2025-02-03T22:18:32.530-03:00 DEBUG 23656 --- [alertasmain] [           main] org.hibernate.type.BasicTypeRegistry     : Adding type registration short -> org.hibernate.type.BasicTypeReference@6dcbbb49
2025-02-03T22:18:32.530-03:00 DEBUG 23656 --- [alertasmain] [           main] org.hibernate.type.BasicTypeRegistry     : Adding type registration short -> org.hibernate.type.BasicTypeReference@6dcbbb49
2025-02-03T22:18:32.530-03:00 DEBUG 23656 --- [alertasmain] [           main] org.hibernate.type.BasicTypeRegistry     : Adding type registration java.lang.Short -> org.hibernate.type.BasicTypeReference@6dcbbb49
2025-02-03T22:18:32.530-03:00 DEBUG 23656 --- [alertasmain] [           main] org.hibernate.type.BasicTypeRegistry     : Adding type registration integer -> org.hibernate.type.BasicTypeReference@35329a05
2025-02-03T22:18:32.530-03:00 DEBUG 23656 --- [alertasmain] [           main] org.hibernate.type.BasicTypeRegistry     : Adding type registration int -> org.hibernate.type.BasicTypeReference@35329a05
2025-02-03T22:18:32.530-03:00 DEBUG 23656 --- [alertasmain] [           main] org.hibernate.type.BasicTypeRegistry     : Adding type registration java.lang.Integer -> org.hibernate.type.BasicTypeReference@35329a05
2025-02-03T22:18:32.530-03:00 DEBUG 23656 --- [alertasmain] [           main] org.hibernate.type.BasicTypeRegistry     : Adding type registration long -> org.hibernate.type.BasicTypeReference@36c783ca
2025-02-03T22:18:32.530-03:00 DEBUG 23656 --- [alertasmain] [           main] org.hibernate.type.BasicTypeRegistry     : Adding type registration long -> org.hibernate.type.BasicTypeReference@36c783ca
2025-02-03T22:18:32.530-03:00 DEBUG 23656 --- [alertasmain] [           main] org.hibernate.type.BasicTypeRegistry     : Adding type registration java.lang.Long -> org.hibernate.type.BasicTypeReference@36c783ca
2025-02-03T22:18:32.530-03:00 DEBUG 23656 --- [alertasmain] [           main] org.hibernate.type.BasicTypeRegistry     : Adding type registration float -> org.hibernate.type.BasicTypeReference@17136390
2025-02-03T22:18:32.530-03:00 DEBUG 23656 --- [alertasmain] [           main] org.hibernate.type.BasicTypeRegistry     : Adding type registration float -> org.hibernate.type.BasicTypeReference@17136390
2025-02-03T22:18:32.530-03:00 DEBUG 23656 --- [alertasmain] [           main] org.hibernate.type.BasicTypeRegistry     : Adding type registration java.lang.Float -> org.hibernate.type.BasicTypeReference@17136390
2025-02-03T22:18:32.530-03:00 DEBUG 23656 --- [alertasmain] [           main] org.hibernate.type.BasicTypeRegistry     : Adding type registration double -> org.hibernate.type.BasicTypeReference@273293c8
2025-02-03T22:18:32.530-03:00 DEBUG 23656 --- [alertasmain] [           main] org.hibernate.type.BasicTypeRegistry     : Adding type registration double -> org.hibernate.type.BasicTypeReference@273293c8
2025-02-03T22:18:32.530-03:00 DEBUG 23656 --- [alertasmain] [           main] org.hibernate.type.BasicTypeRegistry     : Adding type registration java.lang.Double -> org.hibernate.type.BasicTypeReference@273293c8
2025-02-03T22:18:32.530-03:00 DEBUG 23656 --- [alertasmain] [           main] org.hibernate.type.BasicTypeRegistry     : Adding type registration big_integer -> org.hibernate.type.BasicTypeReference@6f1d799
2025-02-03T22:18:32.530-03:00 DEBUG 23656 --- [alertasmain] [           main] org.hibernate.type.BasicTypeRegistry     : Adding type registration java.math.BigInteger -> org.hibernate.type.BasicTypeReference@6f1d799
2025-02-03T22:18:32.530-03:00 DEBUG 23656 --- [alertasmain] [           main] org.hibernate.type.BasicTypeRegistry     : Adding type registration big_decimal -> org.hibernate.type.BasicTypeReference@ca2cd5e
2025-02-03T22:18:32.530-03:00 DEBUG 23656 --- [alertasmain] [           main] org.hibernate.type.BasicTypeRegistry     : Adding type registration java.math.BigDecimal -> org.hibernate.type.BasicTypeReference@ca2cd5e
2025-02-03T22:18:32.530-03:00 DEBUG 23656 --- [alertasmain] [           main] org.hibernate.type.BasicTypeRegistry     : Adding type registration character -> org.hibernate.type.BasicTypeReference@a120b9
2025-02-03T22:18:32.530-03:00 DEBUG 23656 --- [alertasmain] [           main] org.hibernate.type.BasicTypeRegistry     : Adding type registration char -> org.hibernate.type.BasicTypeReference@a120b9
2025-02-03T22:18:32.530-03:00 DEBUG 23656 --- [alertasmain] [           main] org.hibernate.type.BasicTypeRegistry     : Adding type registration java.lang.Character -> org.hibernate.type.BasicTypeReference@a120b9
2025-02-03T22:18:32.530-03:00 DEBUG 23656 --- [alertasmain] [           main] org.hibernate.type.BasicTypeRegistry     : Adding type registration character_nchar -> org.hibernate.type.BasicTypeReference@333e5fb6
2025-02-03T22:18:32.530-03:00 DEBUG 23656 --- [alertasmain] [           main] org.hibernate.type.BasicTypeRegistry     : Adding type registration string -> org.hibernate.type.BasicTypeReference@3b7b0b57
2025-02-03T22:18:32.530-03:00 DEBUG 23656 --- [alertasmain] [           main] org.hibernate.type.BasicTypeRegistry     : Adding type registration java.lang.String -> org.hibernate.type.BasicTypeReference@3b7b0b57
2025-02-03T22:18:32.530-03:00 DEBUG 23656 --- [alertasmain] [           main] org.hibernate.type.BasicTypeRegistry     : Adding type registration nstring -> org.hibernate.type.BasicTypeReference@21a9f95b
2025-02-03T22:18:32.530-03:00 DEBUG 23656 --- [alertasmain] [           main] org.hibernate.type.BasicTypeRegistry     : Adding type registration characters -> org.hibernate.type.BasicTypeReference@2804b13f
2025-02-03T22:18:32.530-03:00 DEBUG 23656 --- [alertasmain] [           main] org.hibernate.type.BasicTypeRegistry     : Adding type registration char[] -> org.hibernate.type.BasicTypeReference@2804b13f
2025-02-03T22:18:32.530-03:00 DEBUG 23656 --- [alertasmain] [           main] org.hibernate.type.BasicTypeRegistry     : Adding type registration [C -> org.hibernate.type.BasicTypeReference@2804b13f
2025-02-03T22:18:32.530-03:00 DEBUG 23656 --- [alertasmain] [           main] org.hibernate.type.BasicTypeRegistry     : Adding type registration wrapper-characters -> org.hibernate.type.BasicTypeReference@69069866
2025-02-03T22:18:32.530-03:00 DEBUG 23656 --- [alertasmain] [           main] org.hibernate.type.BasicTypeRegistry     : Adding type registration text -> org.hibernate.type.BasicTypeReference@ac417a2
2025-02-03T22:18:32.530-03:00 DEBUG 23656 --- [alertasmain] [           main] org.hibernate.type.BasicTypeRegistry     : Adding type registration ntext -> org.hibernate.type.BasicTypeReference@64c95480
2025-02-03T22:18:32.530-03:00 DEBUG 23656 --- [alertasmain] [           main] org.hibernate.type.BasicTypeRegistry     : Adding type registration clob -> org.hibernate.type.BasicTypeReference@69499c6f
2025-02-03T22:18:32.530-03:00 DEBUG 23656 --- [alertasmain] [           main] org.hibernate.type.BasicTypeRegistry     : Adding type registration java.sql.Clob -> org.hibernate.type.BasicTypeReference@69499c6f
2025-02-03T22:18:32.530-03:00 DEBUG 23656 --- [alertasmain] [           main] org.hibernate.type.BasicTypeRegistry     : Adding type registration nclob -> org.hibernate.type.BasicTypeReference@3451fc88
2025-02-03T22:18:32.530-03:00 DEBUG 23656 --- [alertasmain] [           main] org.hibernate.type.BasicTypeRegistry     : Adding type registration java.sql.NClob -> org.hibernate.type.BasicTypeReference@3451fc88
2025-02-03T22:18:32.530-03:00 DEBUG 23656 --- [alertasmain] [           main] org.hibernate.type.BasicTypeRegistry     : Adding type registration materialized_clob -> org.hibernate.type.BasicTypeReference@1e0294a7
2025-02-03T22:18:32.530-03:00 DEBUG 23656 --- [alertasmain] [           main] org.hibernate.type.BasicTypeRegistry     : Adding type registration materialized_clob_char_array -> org.hibernate.type.BasicTypeReference@3041beb3
2025-02-03T22:18:32.530-03:00 DEBUG 23656 --- [alertasmain] [           main] org.hibernate.type.BasicTypeRegistry     : Adding type registration materialized_clob_character_array -> org.hibernate.type.BasicTypeReference@15cee630
2025-02-03T22:18:32.530-03:00 DEBUG 23656 --- [alertasmain] [           main] org.hibernate.type.BasicTypeRegistry     : Adding type registration materialized_nclob -> org.hibernate.type.BasicTypeReference@2e40fdbd
2025-02-03T22:18:32.530-03:00 DEBUG 23656 --- [alertasmain] [           main] org.hibernate.type.BasicTypeRegistry     : Adding type registration materialized_nclob_character_array -> org.hibernate.type.BasicTypeReference@246de37e
2025-02-03T22:18:32.530-03:00 DEBUG 23656 --- [alertasmain] [           main] org.hibernate.type.BasicTypeRegistry     : Adding type registration materialized_nclob_char_array -> org.hibernate.type.BasicTypeReference@19647566
2025-02-03T22:18:32.530-03:00 DEBUG 23656 --- [alertasmain] [           main] org.hibernate.type.BasicTypeRegistry     : Adding type registration Duration -> org.hibernate.type.BasicTypeReference@7b79ff1c
2025-02-03T22:18:32.530-03:00 DEBUG 23656 --- [alertasmain] [           main] org.hibernate.type.BasicTypeRegistry     : Adding type registration java.time.Duration -> org.hibernate.type.BasicTypeReference@7b79ff1c
2025-02-03T22:18:32.530-03:00 DEBUG 23656 --- [alertasmain] [           main] org.hibernate.type.BasicTypeRegistry     : Adding type registration LocalDateTime -> org.hibernate.type.BasicTypeReference@527d48db
2025-02-03T22:18:32.530-03:00 DEBUG 23656 --- [alertasmain] [           main] org.hibernate.type.BasicTypeRegistry     : Adding type registration java.time.LocalDateTime -> org.hibernate.type.BasicTypeReference@527d48db
2025-02-03T22:18:32.530-03:00 DEBUG 23656 --- [alertasmain] [           main] org.hibernate.type.BasicTypeRegistry     : Adding type registration LocalDate -> org.hibernate.type.BasicTypeReference@194037f9
2025-02-03T22:18:32.530-03:00 DEBUG 23656 --- [alertasmain] [           main] org.hibernate.type.BasicTypeRegistry     : Adding type registration java.time.LocalDate -> org.hibernate.type.BasicTypeReference@194037f9
2025-02-03T22:18:32.530-03:00 DEBUG 23656 --- [alertasmain] [           main] org.hibernate.type.BasicTypeRegistry     : Adding type registration LocalTime -> org.hibernate.type.BasicTypeReference@2335aef2
2025-02-03T22:18:32.530-03:00 DEBUG 23656 --- [alertasmain] [           main] org.hibernate.type.BasicTypeRegistry     : Adding type registration java.time.LocalTime -> org.hibernate.type.BasicTypeReference@2335aef2
2025-02-03T22:18:32.530-03:00 DEBUG 23656 --- [alertasmain] [           main] org.hibernate.type.BasicTypeRegistry     : Adding type registration OffsetDateTime -> org.hibernate.type.BasicTypeReference@17003497
2025-02-03T22:18:32.530-03:00 DEBUG 23656 --- [alertasmain] [           main] org.hibernate.type.BasicTypeRegistry     : Adding type registration java.time.OffsetDateTime -> org.hibernate.type.BasicTypeReference@17003497
2025-02-03T22:18:32.530-03:00 DEBUG 23656 --- [alertasmain] [           main] org.hibernate.type.BasicTypeRegistry     : Adding type registration OffsetDateTimeWithTimezone -> org.hibernate.type.BasicTypeReference@2f038d3c
2025-02-03T22:18:32.545-03:00 DEBUG 23656 --- [alertasmain] [           main] org.hibernate.type.BasicTypeRegistry     : Adding type registration OffsetDateTimeWithoutTimezone -> org.hibernate.type.BasicTypeReference@376498da
2025-02-03T22:18:32.545-03:00 DEBUG 23656 --- [alertasmain] [           main] org.hibernate.type.BasicTypeRegistry     : Adding type registration OffsetTime -> org.hibernate.type.BasicTypeReference@39a8e2fa
2025-02-03T22:18:32.545-03:00 DEBUG 23656 --- [alertasmain] [           main] org.hibernate.type.BasicTypeRegistry     : Adding type registration java.time.OffsetTime -> org.hibernate.type.BasicTypeReference@39a8e2fa
2025-02-03T22:18:32.545-03:00 DEBUG 23656 --- [alertasmain] [           main] org.hibernate.type.BasicTypeRegistry     : Adding type registration OffsetTimeUtc -> org.hibernate.type.BasicTypeReference@2f9addd4
2025-02-03T22:18:32.545-03:00 DEBUG 23656 --- [alertasmain] [           main] org.hibernate.type.BasicTypeRegistry     : Adding type registration OffsetTimeWithTimezone -> org.hibernate.type.BasicTypeReference@1c43df76
2025-02-03T22:18:32.545-03:00 DEBUG 23656 --- [alertasmain] [           main] org.hibernate.type.BasicTypeRegistry     : Adding type registration OffsetTimeWithoutTimezone -> org.hibernate.type.BasicTypeReference@ff2266c
2025-02-03T22:18:32.545-03:00 DEBUG 23656 --- [alertasmain] [           main] org.hibernate.type.BasicTypeRegistry     : Adding type registration ZonedDateTime -> org.hibernate.type.BasicTypeReference@71b3ba5a
2025-02-03T22:18:32.545-03:00 DEBUG 23656 --- [alertasmain] [           main] org.hibernate.type.BasicTypeRegistry     : Adding type registration java.time.ZonedDateTime -> org.hibernate.type.BasicTypeReference@71b3ba5a
2025-02-03T22:18:32.545-03:00 DEBUG 23656 --- [alertasmain] [           main] org.hibernate.type.BasicTypeRegistry     : Adding type registration ZonedDateTimeWithTimezone -> org.hibernate.type.BasicTypeReference@83ebdc5
2025-02-03T22:18:32.545-03:00 DEBUG 23656 --- [alertasmain] [           main] org.hibernate.type.BasicTypeRegistry     : Adding type registration ZonedDateTimeWithoutTimezone -> org.hibernate.type.BasicTypeReference@a047bdb
2025-02-03T22:18:32.545-03:00 DEBUG 23656 --- [alertasmain] [           main] org.hibernate.type.BasicTypeRegistry     : Adding type registration date -> org.hibernate.type.BasicTypeReference@14dbfdb1
2025-02-03T22:18:32.545-03:00 DEBUG 23656 --- [alertasmain] [           main] org.hibernate.type.BasicTypeRegistry     : Adding type registration java.sql.Date -> org.hibernate.type.BasicTypeReference@14dbfdb1
2025-02-03T22:18:32.545-03:00 DEBUG 23656 --- [alertasmain] [           main] org.hibernate.type.BasicTypeRegistry     : Adding type registration time -> org.hibernate.type.BasicTypeReference@7856f41a
2025-02-03T22:18:32.545-03:00 DEBUG 23656 --- [alertasmain] [           main] org.hibernate.type.BasicTypeRegistry     : Adding type registration java.sql.Time -> org.hibernate.type.BasicTypeReference@7856f41a
2025-02-03T22:18:32.545-03:00 DEBUG 23656 --- [alertasmain] [           main] org.hibernate.type.BasicTypeRegistry     : Adding type registration timestamp -> org.hibernate.type.BasicTypeReference@5fbae40
2025-02-03T22:18:32.545-03:00 DEBUG 23656 --- [alertasmain] [           main] org.hibernate.type.BasicTypeRegistry     : Adding type registration java.sql.Timestamp -> org.hibernate.type.BasicTypeReference@5fbae40
2025-02-03T22:18:32.545-03:00 DEBUG 23656 --- [alertasmain] [           main] org.hibernate.type.BasicTypeRegistry     : Adding type registration java.util.Date -> org.hibernate.type.BasicTypeReference@5fbae40
2025-02-03T22:18:32.545-03:00 DEBUG 23656 --- [alertasmain] [           main] org.hibernate.type.BasicTypeRegistry     : Adding type registration calendar -> org.hibernate.type.BasicTypeReference@2c08c787
2025-02-03T22:18:32.545-03:00 DEBUG 23656 --- [alertasmain] [           main] org.hibernate.type.BasicTypeRegistry     : Adding type registration java.util.Calendar -> org.hibernate.type.BasicTypeReference@2c08c787
2025-02-03T22:18:32.545-03:00 DEBUG 23656 --- [alertasmain] [           main] org.hibernate.type.BasicTypeRegistry     : Adding type registration java.util.GregorianCalendar -> org.hibernate.type.BasicTypeReference@2c08c787
2025-02-03T22:18:32.545-03:00 DEBUG 23656 --- [alertasmain] [           main] org.hibernate.type.BasicTypeRegistry     : Adding type registration calendar_date -> org.hibernate.type.BasicTypeReference@67f591c2
2025-02-03T22:18:32.545-03:00 DEBUG 23656 --- [alertasmain] [           main] org.hibernate.type.BasicTypeRegistry     : Adding type registration calendar_time -> org.hibernate.type.BasicTypeReference@284c4f02
2025-02-03T22:18:32.545-03:00 DEBUG 23656 --- [alertasmain] [           main] org.hibernate.type.BasicTypeRegistry     : Adding type registration instant -> org.hibernate.type.BasicTypeReference@709d6de5
2025-02-03T22:18:32.545-03:00 DEBUG 23656 --- [alertasmain] [           main] org.hibernate.type.BasicTypeRegistry     : Adding type registration java.time.Instant -> org.hibernate.type.BasicTypeReference@709d6de5
2025-02-03T22:18:32.545-03:00 DEBUG 23656 --- [alertasmain] [           main] org.hibernate.type.BasicTypeRegistry     : Adding type registration uuid -> org.hibernate.type.BasicTypeReference@1a43a88e
2025-02-03T22:18:32.545-03:00 DEBUG 23656 --- [alertasmain] [           main] org.hibernate.type.BasicTypeRegistry     : Adding type registration java.util.UUID -> org.hibernate.type.BasicTypeReference@1a43a88e
2025-02-03T22:18:32.545-03:00 DEBUG 23656 --- [alertasmain] [           main] org.hibernate.type.BasicTypeRegistry     : Adding type registration pg-uuid -> org.hibernate.type.BasicTypeReference@1a43a88e
2025-02-03T22:18:32.545-03:00 DEBUG 23656 --- [alertasmain] [           main] org.hibernate.type.BasicTypeRegistry     : Adding type registration uuid-binary -> org.hibernate.type.BasicTypeReference@51f34185
2025-02-03T22:18:32.545-03:00 DEBUG 23656 --- [alertasmain] [           main] org.hibernate.type.BasicTypeRegistry     : Adding type registration uuid-char -> org.hibernate.type.BasicTypeReference@1b8d20e6
2025-02-03T22:18:32.545-03:00 DEBUG 23656 --- [alertasmain] [           main] org.hibernate.type.BasicTypeRegistry     : Adding type registration class -> org.hibernate.type.BasicTypeReference@e49437
2025-02-03T22:18:32.545-03:00 DEBUG 23656 --- [alertasmain] [           main] org.hibernate.type.BasicTypeRegistry     : Adding type registration java.lang.Class -> org.hibernate.type.BasicTypeReference@e49437
2025-02-03T22:18:32.545-03:00 DEBUG 23656 --- [alertasmain] [           main] org.hibernate.type.BasicTypeRegistry     : Adding type registration currency -> org.hibernate.type.BasicTypeReference@7645b7d
2025-02-03T22:18:32.545-03:00 DEBUG 23656 --- [alertasmain] [           main] org.hibernate.type.BasicTypeRegistry     : Adding type registration Currency -> org.hibernate.type.BasicTypeReference@7645b7d
2025-02-03T22:18:32.545-03:00 DEBUG 23656 --- [alertasmain] [           main] org.hibernate.type.BasicTypeRegistry     : Adding type registration java.util.Currency -> org.hibernate.type.BasicTypeReference@7645b7d
2025-02-03T22:18:32.545-03:00 DEBUG 23656 --- [alertasmain] [           main] org.hibernate.type.BasicTypeRegistry     : Adding type registration locale -> org.hibernate.type.BasicTypeReference@3ea84e01
2025-02-03T22:18:32.545-03:00 DEBUG 23656 --- [alertasmain] [           main] org.hibernate.type.BasicTypeRegistry     : Adding type registration java.util.Locale -> org.hibernate.type.BasicTypeReference@3ea84e01
2025-02-03T22:18:32.545-03:00 DEBUG 23656 --- [alertasmain] [           main] org.hibernate.type.BasicTypeRegistry     : Adding type registration serializable -> org.hibernate.type.BasicTypeReference@1a4930cf
2025-02-03T22:18:32.545-03:00 DEBUG 23656 --- [alertasmain] [           main] org.hibernate.type.BasicTypeRegistry     : Adding type registration java.io.Serializable -> org.hibernate.type.BasicTypeReference@1a4930cf
2025-02-03T22:18:32.545-03:00 DEBUG 23656 --- [alertasmain] [           main] org.hibernate.type.BasicTypeRegistry     : Adding type registration timezone -> org.hibernate.type.BasicTypeReference@3fd33f48
2025-02-03T22:18:32.545-03:00 DEBUG 23656 --- [alertasmain] [           main] org.hibernate.type.BasicTypeRegistry     : Adding type registration java.util.TimeZone -> org.hibernate.type.BasicTypeReference@3fd33f48
2025-02-03T22:18:32.545-03:00 DEBUG 23656 --- [alertasmain] [           main] org.hibernate.type.BasicTypeRegistry     : Adding type registration ZoneOffset -> org.hibernate.type.BasicTypeReference@75a226ea
2025-02-03T22:18:32.545-03:00 DEBUG 23656 --- [alertasmain] [           main] org.hibernate.type.BasicTypeRegistry     : Adding type registration java.time.ZoneOffset -> org.hibernate.type.BasicTypeReference@75a226ea
2025-02-03T22:18:32.545-03:00 DEBUG 23656 --- [alertasmain] [           main] org.hibernate.type.BasicTypeRegistry     : Adding type registration url -> org.hibernate.type.BasicTypeReference@986b619
2025-02-03T22:18:32.545-03:00 DEBUG 23656 --- [alertasmain] [           main] org.hibernate.type.BasicTypeRegistry     : Adding type registration java.net.URL -> org.hibernate.type.BasicTypeReference@986b619
2025-02-03T22:18:32.545-03:00 DEBUG 23656 --- [alertasmain] [           main] org.hibernate.type.BasicTypeRegistry     : Adding type registration vector -> org.hibernate.type.BasicTypeReference@5a1a20ae
2025-02-03T22:18:32.545-03:00 DEBUG 23656 --- [alertasmain] [           main] org.hibernate.type.BasicTypeRegistry     : Adding type registration float_vector -> org.hibernate.type.BasicTypeReference@7c956dda
2025-02-03T22:18:32.545-03:00 DEBUG 23656 --- [alertasmain] [           main] org.hibernate.type.BasicTypeRegistry     : Adding type registration double_vector -> org.hibernate.type.BasicTypeReference@186481d4
2025-02-03T22:18:32.545-03:00 DEBUG 23656 --- [alertasmain] [           main] org.hibernate.type.BasicTypeRegistry     : Adding type registration byte_vector -> org.hibernate.type.BasicTypeReference@24eecabf
2025-02-03T22:18:32.545-03:00 DEBUG 23656 --- [alertasmain] [           main] org.hibernate.type.BasicTypeRegistry     : Adding type registration row_version -> org.hibernate.type.BasicTypeReference@2ffa91dc
2025-02-03T22:18:32.561-03:00 DEBUG 23656 --- [alertasmain] [           main] org.hibernate.type.BasicTypeRegistry     : Adding type registration object -> org.hibernate.type.JavaObjectType@3568ea59
2025-02-03T22:18:32.561-03:00 DEBUG 23656 --- [alertasmain] [           main] org.hibernate.type.BasicTypeRegistry     : Adding type registration java.lang.Object -> org.hibernate.type.JavaObjectType@3568ea59
2025-02-03T22:18:32.561-03:00 DEBUG 23656 --- [alertasmain] [           main] org.hibernate.type.BasicTypeRegistry     : Adding type registration null -> org.hibernate.type.NullType@7ffcb232
2025-02-03T22:18:32.561-03:00 DEBUG 23656 --- [alertasmain] [           main] org.hibernate.type.BasicTypeRegistry     : Adding type registration imm_date -> org.hibernate.type.BasicTypeReference@7f53fc38
2025-02-03T22:18:32.561-03:00 DEBUG 23656 --- [alertasmain] [           main] org.hibernate.type.BasicTypeRegistry     : Adding type registration imm_time -> org.hibernate.type.BasicTypeReference@5feb82b3
2025-02-03T22:18:32.561-03:00 DEBUG 23656 --- [alertasmain] [           main] org.hibernate.type.BasicTypeRegistry     : Adding type registration imm_timestamp -> org.hibernate.type.BasicTypeReference@2d38db6f
2025-02-03T22:18:32.561-03:00 DEBUG 23656 --- [alertasmain] [           main] org.hibernate.type.BasicTypeRegistry     : Adding type registration imm_calendar -> org.hibernate.type.BasicTypeReference@37cf91d8
2025-02-03T22:18:32.561-03:00 DEBUG 23656 --- [alertasmain] [           main] org.hibernate.type.BasicTypeRegistry     : Adding type registration imm_calendar_date -> org.hibernate.type.BasicTypeReference@571d0925
2025-02-03T22:18:32.561-03:00 DEBUG 23656 --- [alertasmain] [           main] org.hibernate.type.BasicTypeRegistry     : Adding type registration imm_calendar_time -> org.hibernate.type.BasicTypeReference@54e0f76f
2025-02-03T22:18:32.561-03:00 DEBUG 23656 --- [alertasmain] [           main] org.hibernate.type.BasicTypeRegistry     : Adding type registration imm_binary -> org.hibernate.type.BasicTypeReference@3fe8ad3f
2025-02-03T22:18:32.561-03:00 DEBUG 23656 --- [alertasmain] [           main] org.hibernate.type.BasicTypeRegistry     : Adding type registration imm_serializable -> org.hibernate.type.BasicTypeReference@7462ba4b
2025-02-03T22:18:32.576-03:00 DEBUG 23656 --- [alertasmain] [           main] o.h.boot.internal.BootstrapContextImpl   : Injecting JPA temp ClassLoader [org.springframework.instrument.classloading.SimpleThrowawayClassLoader@6a2badb1] into BootstrapContext; was [null]
2025-02-03T22:18:32.576-03:00 DEBUG 23656 --- [alertasmain] [           main] o.h.boot.internal.ClassLoaderAccessImpl  : ClassLoaderAccessImpl#injectTempClassLoader(org.springframework.instrument.classloading.SimpleThrowawayClassLoader@6a2badb1) [was null]
2025-02-03T22:18:32.576-03:00 DEBUG 23656 --- [alertasmain] [           main] o.h.boot.internal.BootstrapContextImpl   : Injecting ScanEnvironment [org.hibernate.jpa.boot.internal.StandardJpaScanEnvironmentImpl@780ee3ad] into BootstrapContext; was [null]
2025-02-03T22:18:32.576-03:00 DEBUG 23656 --- [alertasmain] [           main] o.h.boot.internal.BootstrapContextImpl   : Injecting ScanOptions [org.hibernate.boot.archive.scan.internal.StandardScanOptions@2c2aab92] into BootstrapContext; was [org.hibernate.boot.archive.scan.internal.StandardScanOptions@857f74a]
2025-02-03T22:18:33.154-03:00  INFO 23656 --- [alertasmain] [           main] o.s.o.j.p.SpringPersistenceUnitInfo      : No LoadTimeWeaver setup: ignoring JPA class transformer
2025-02-03T22:18:33.154-03:00 DEBUG 23656 --- [alertasmain] [           main] o.h.boot.internal.BootstrapContextImpl   : Injecting JPA temp ClassLoader [null] into BootstrapContext; was [org.springframework.instrument.classloading.SimpleThrowawayClassLoader@6a2badb1]
2025-02-03T22:18:33.154-03:00 DEBUG 23656 --- [alertasmain] [           main] o.h.boot.internal.ClassLoaderAccessImpl  : ClassLoaderAccessImpl#injectTempClassLoader(null) [was org.springframework.instrument.classloading.SimpleThrowawayClassLoader@6a2badb1]
2025-02-03T22:18:33.201-03:00  INFO 23656 --- [alertasmain] [           main] com.zaxxer.hikari.HikariDataSource       : HikariPool-1 - Starting...
2025-02-03T22:18:33.201-03:00  WARN 23656 --- [alertasmain] [           main] c.zaxxer.hikari.util.DriverDataSource    : Registered driver with driverClassName=oracle.jdbc.driver.OracleDriver was not found, trying direct instantiation.
2025-02-03T22:18:35.650-03:00  INFO 23656 --- [alertasmain] [           main] com.zaxxer.hikari.pool.HikariPool        : HikariPool-1 - Added connection oracle.jdbc.driver.T4CConnection@24954e82
2025-02-03T22:18:35.650-03:00  INFO 23656 --- [alertasmain] [           main] com.zaxxer.hikari.HikariDataSource       : HikariPool-1 - Start completed.
2025-02-03T22:18:35.666-03:00 DEBUG 23656 --- [alertasmain] [           main] o.h.e.j.e.i.JdbcEnvironmentInitiator     : Database ->
	   name : Oracle
	version : Oracle Database 19c Enterprise Edition Release 19.0.0.0.0 - Production
Version 19.26.0.1.0
	  major : 19
	  minor : 0
2025-02-03T22:18:35.666-03:00 DEBUG 23656 --- [alertasmain] [           main] o.h.e.j.e.i.JdbcEnvironmentInitiator     : Driver ->
	   name : Oracle JDBC driver
	version : 21.5.0.0.0
	  major : 21
	  minor : 5
2025-02-03T22:18:35.666-03:00 DEBUG 23656 --- [alertasmain] [           main] o.h.e.j.e.i.JdbcEnvironmentInitiator     : JDBC version : 4.3
2025-02-03T22:18:35.993-03:00  WARN 23656 --- [alertasmain] [           main] org.hibernate.orm.deprecation            : HHH90000025: OracleDialect does not need to be specified explicitly using 'hibernate.dialect' (remove the property setting and it will be selected by default)
2025-02-03T22:18:35.993-03:00 DEBUG 23656 --- [alertasmain] [           main] org.hibernate.orm.dialect                : HHH035001: Using dialect: org.hibernate.dialect.OracleDialect, version: 19.0
2025-02-03T22:18:36.075-03:00  INFO 23656 --- [alertasmain] [           main] org.hibernate.orm.connections.pooling    : HHH10001005: Database info:
	Database JDBC URL [Connecting through datasource 'HikariDataSource (HikariPool-1)']
	Database driver: undefined/unknown
	Database version: 19.0
	Autocommit mode: undefined/unknown
	Isolation level: undefined/unknown
	Minimum pool size: undefined/unknown
	Maximum pool size: undefined/unknown
2025-02-03T22:18:36.100-03:00 DEBUG 23656 --- [alertasmain] [           main] o.h.t.d.jdbc.spi.JdbcTypeRegistry        : addDescriptor(NCharTypeDescriptor) replaced previous registration(CharTypeDescriptor)
2025-02-03T22:18:36.101-03:00 DEBUG 23656 --- [alertasmain] [           main] o.h.t.d.jdbc.spi.JdbcTypeRegistry        : addDescriptor(NVarcharTypeDescriptor) replaced previous registration(VarcharTypeDescriptor)
2025-02-03T22:18:36.102-03:00 DEBUG 23656 --- [alertasmain] [           main] o.h.t.d.jdbc.spi.JdbcTypeRegistry        : addDescriptor(LongNVarcharTypeDescriptor) replaced previous registration(LongVarcharTypeDescriptor)
2025-02-03T22:18:36.112-03:00 DEBUG 23656 --- [alertasmain] [           main] o.h.t.d.jdbc.spi.JdbcTypeRegistry        : addDescriptor(NClobTypeDescriptor(DEFAULT)) replaced previous registration(ClobTypeDescriptor(DEFAULT))
2025-02-03T22:18:36.115-03:00 DEBUG 23656 --- [alertasmain] [           main] o.h.t.d.jdbc.spi.JdbcTypeRegistry        : addDescriptor(BooleanTypeDescriptor) replaced previous registration(BooleanTypeDescriptor)
2025-02-03T22:18:36.147-03:00 DEBUG 23656 --- [alertasmain] [           main] org.hibernate.type.BasicTypeRegistry     : Adding type registration null -> org.hibernate.type.NullType@766db6f9
2025-02-03T22:18:36.147-03:00 DEBUG 23656 --- [alertasmain] [           main] org.hibernate.type.BasicTypeRegistry     : Type registration key [null] overrode previous entry : `org.hibernate.type.NullType@7ffcb232`
2025-02-03T22:18:36.149-03:00 DEBUG 23656 --- [alertasmain] [           main] org.hibernate.type.BasicTypeRegistry     : Adding type registration JAVA_OBJECT -> org.hibernate.type.JavaObjectType@5020b59f
2025-02-03T22:18:36.149-03:00 DEBUG 23656 --- [alertasmain] [           main] org.hibernate.type.BasicTypeRegistry     : Adding type registration java.lang.Object -> org.hibernate.type.JavaObjectType@5020b59f
2025-02-03T22:18:36.149-03:00 DEBUG 23656 --- [alertasmain] [           main] org.hibernate.type.BasicTypeRegistry     : Type registration key [java.lang.Object] overrode previous entry : `org.hibernate.type.JavaObjectType@3568ea59`
2025-02-03T22:18:36.157-03:00 DEBUG 23656 --- [alertasmain] [           main] org.hibernate.type.BasicTypeRegistry     : Adding type registration org.hibernate.type.DurationType -> basicType@1(java.time.Duration,3015)
2025-02-03T22:18:36.157-03:00 DEBUG 23656 --- [alertasmain] [           main] org.hibernate.type.BasicTypeRegistry     : Adding type registration Duration -> basicType@1(java.time.Duration,3015)
2025-02-03T22:18:36.158-03:00 DEBUG 23656 --- [alertasmain] [           main] org.hibernate.type.BasicTypeRegistry     : Adding type registration java.time.Duration -> basicType@1(java.time.Duration,3015)
2025-02-03T22:18:36.165-03:00 DEBUG 23656 --- [alertasmain] [           main] o.h.type.spi.TypeConfiguration$Scope     : Scoping TypeConfiguration [org.hibernate.type.spi.TypeConfiguration@3d99d327] to MetadataBuildingContext [org.hibernate.boot.internal.MetadataBuildingContextRootImpl@233789d9]
2025-02-03T22:18:36.294-03:00 DEBUG 23656 --- [alertasmain] [           main] o.h.boot.model.relational.Namespace      : Created database namespace [logicalName=Name{catalog=null, schema=null}, physicalName=Name{catalog=null, schema=null}]
2025-02-03T22:18:36.368-03:00 DEBUG 23656 --- [alertasmain] [           main] o.h.boot.model.internal.EntityBinder     : Binding entity from annotated class: com.backendalertas.alertasmain.model.AlertaModel
2025-02-03T22:18:36.383-03:00 DEBUG 23656 --- [alertasmain] [           main] o.h.boot.model.internal.EntityBinder     : Import with entity name AlertaModel
2025-02-03T22:18:36.405-03:00 DEBUG 23656 --- [alertasmain] [           main] o.h.boot.model.internal.EntityBinder     : Bind entity com.backendalertas.alertasmain.model.AlertaModel on table alertas
2025-02-03T22:18:36.435-03:00 DEBUG 23656 --- [alertasmain] [           main] o.h.boot.model.internal.AnnotatedColumn  : Binding column: AnnotatedDiscriminatorColumn(column='DTYPE')
2025-02-03T22:18:36.471-03:00 DEBUG 23656 --- [alertasmain] [           main] o.h.boot.model.internal.AnnotatedColumn  : Binding column: AnnotatedColumn(column='ALERTA_ID')
2025-02-03T22:18:36.474-03:00 DEBUG 23656 --- [alertasmain] [           main] o.h.boot.internal.ClassLoaderAccessImpl  : Not known whether passed class name [com.backendalertas.alertasmain.model.AlertaModel] is safe
2025-02-03T22:18:36.474-03:00 DEBUG 23656 --- [alertasmain] [           main] o.h.boot.internal.ClassLoaderAccessImpl  : No temp ClassLoader provided; using live ClassLoader for loading potentially unsafe class : com.backendalertas.alertasmain.model.AlertaModel
2025-02-03T22:18:36.485-03:00 DEBUG 23656 --- [alertasmain] [           main] o.h.boot.model.internal.PropertyBinder   : MetadataSourceProcessor property id with lazy=false
2025-02-03T22:18:36.505-03:00 DEBUG 23656 --- [alertasmain] [           main] o.h.b.m.internal.AbstractPropertyHolder  : Attempting to locate auto-apply AttributeConverter for property [com.backendalertas.alertasmain.model.AlertaModel:id]
2025-02-03T22:18:36.518-03:00 DEBUG 23656 --- [alertasmain] [           main] o.h.b.model.internal.BasicValueBinder    : building BasicValue for id
2025-02-03T22:18:36.526-03:00 DEBUG 23656 --- [alertasmain] [           main] org.hibernate.mapping.BasicValue         : Skipping column re-registration: alertas.alerta_id
2025-02-03T22:18:36.528-03:00 DEBUG 23656 --- [alertasmain] [           main] o.h.boot.model.internal.PropertyBinder   : Building property id
2025-02-03T22:18:36.537-03:00 DEBUG 23656 --- [alertasmain] [           main] o.h.boot.model.internal.BinderHelper     : #makeIdGenerator(BasicValue([Column(alerta_id)]), id, identity, , ...)
2025-02-03T22:18:36.540-03:00 DEBUG 23656 --- [alertasmain] [           main] o.h.boot.model.internal.AnnotatedColumn  : Binding column: AnnotatedColumn(column='FECHA')
2025-02-03T22:18:36.541-03:00 DEBUG 23656 --- [alertasmain] [           main] o.h.boot.model.internal.PropertyBinder   : MetadataSourceProcessor property fecha with lazy=false
2025-02-03T22:18:36.541-03:00 DEBUG 23656 --- [alertasmain] [           main] o.h.b.m.internal.AbstractPropertyHolder  : Attempting to locate auto-apply AttributeConverter for property [com.backendalertas.alertasmain.model.AlertaModel:fecha]
2025-02-03T22:18:36.541-03:00 DEBUG 23656 --- [alertasmain] [           main] o.h.b.model.internal.BasicValueBinder    : building BasicValue for fecha
2025-02-03T22:18:36.541-03:00 DEBUG 23656 --- [alertasmain] [           main] org.hibernate.mapping.BasicValue         : Skipping column re-registration: alertas.fecha
2025-02-03T22:18:36.542-03:00 DEBUG 23656 --- [alertasmain] [           main] o.h.boot.model.internal.PropertyBinder   : Building property fecha
2025-02-03T22:18:36.544-03:00 DEBUG 23656 --- [alertasmain] [           main] o.h.boot.model.internal.AnnotatedColumn  : Binding column: AnnotatedColumn(column='HORA')
2025-02-03T22:18:36.545-03:00 DEBUG 23656 --- [alertasmain] [           main] o.h.boot.model.internal.PropertyBinder   : MetadataSourceProcessor property hora with lazy=false
2025-02-03T22:18:36.545-03:00 DEBUG 23656 --- [alertasmain] [           main] o.h.b.m.internal.AbstractPropertyHolder  : Attempting to locate auto-apply AttributeConverter for property [com.backendalertas.alertasmain.model.AlertaModel:hora]
2025-02-03T22:18:36.545-03:00 DEBUG 23656 --- [alertasmain] [           main] o.h.b.model.internal.BasicValueBinder    : building BasicValue for hora
2025-02-03T22:18:36.545-03:00 DEBUG 23656 --- [alertasmain] [           main] org.hibernate.mapping.BasicValue         : Skipping column re-registration: alertas.hora
2025-02-03T22:18:36.545-03:00 DEBUG 23656 --- [alertasmain] [           main] o.h.boot.model.internal.PropertyBinder   : Building property hora
2025-02-03T22:18:36.546-03:00 DEBUG 23656 --- [alertasmain] [           main] o.h.boot.model.internal.AnnotatedColumn  : Binding column: AnnotatedColumn(column='ID_PACIENTE')
2025-02-03T22:18:36.546-03:00 DEBUG 23656 --- [alertasmain] [           main] o.h.boot.model.internal.PropertyBinder   : MetadataSourceProcessor property idPaciente with lazy=false
2025-02-03T22:18:36.546-03:00 DEBUG 23656 --- [alertasmain] [           main] o.h.b.m.internal.AbstractPropertyHolder  : Attempting to locate auto-apply AttributeConverter for property [com.backendalertas.alertasmain.model.AlertaModel:idPaciente]
2025-02-03T22:18:36.546-03:00 DEBUG 23656 --- [alertasmain] [           main] o.h.b.model.internal.BasicValueBinder    : building BasicValue for idPaciente
2025-02-03T22:18:36.546-03:00 DEBUG 23656 --- [alertasmain] [           main] org.hibernate.mapping.BasicValue         : Skipping column re-registration: alertas.id_paciente
2025-02-03T22:18:36.546-03:00 DEBUG 23656 --- [alertasmain] [           main] o.h.boot.model.internal.PropertyBinder   : Building property idPaciente
2025-02-03T22:18:36.547-03:00 DEBUG 23656 --- [alertasmain] [           main] o.h.boot.model.internal.AnnotatedColumn  : Binding column: AnnotatedColumn(column='NIVEL')
2025-02-03T22:18:36.547-03:00 DEBUG 23656 --- [alertasmain] [           main] o.h.boot.model.internal.PropertyBinder   : MetadataSourceProcessor property nivel with lazy=false
2025-02-03T22:18:36.547-03:00 DEBUG 23656 --- [alertasmain] [           main] o.h.b.m.internal.AbstractPropertyHolder  : Attempting to locate auto-apply AttributeConverter for property [com.backendalertas.alertasmain.model.AlertaModel:nivel]
2025-02-03T22:18:36.547-03:00 DEBUG 23656 --- [alertasmain] [           main] o.h.b.model.internal.BasicValueBinder    : building BasicValue for nivel
2025-02-03T22:18:36.547-03:00 DEBUG 23656 --- [alertasmain] [           main] org.hibernate.mapping.BasicValue         : Skipping column re-registration: alertas.nivel
2025-02-03T22:18:36.547-03:00 DEBUG 23656 --- [alertasmain] [           main] o.h.boot.model.internal.PropertyBinder   : Building property nivel
2025-02-03T22:18:36.547-03:00 DEBUG 23656 --- [alertasmain] [           main] o.h.boot.model.internal.AnnotatedColumn  : Binding column: AnnotatedColumn(column='TIPO')
2025-02-03T22:18:36.548-03:00 DEBUG 23656 --- [alertasmain] [           main] o.h.boot.model.internal.PropertyBinder   : MetadataSourceProcessor property tipo with lazy=false
2025-02-03T22:18:36.548-03:00 DEBUG 23656 --- [alertasmain] [           main] o.h.b.m.internal.AbstractPropertyHolder  : Attempting to locate auto-apply AttributeConverter for property [com.backendalertas.alertasmain.model.AlertaModel:tipo]
2025-02-03T22:18:36.548-03:00 DEBUG 23656 --- [alertasmain] [           main] o.h.b.model.internal.BasicValueBinder    : building BasicValue for tipo
2025-02-03T22:18:36.548-03:00 DEBUG 23656 --- [alertasmain] [           main] org.hibernate.mapping.BasicValue         : Skipping column re-registration: alertas.tipo
2025-02-03T22:18:36.548-03:00 DEBUG 23656 --- [alertasmain] [           main] o.h.boot.model.internal.PropertyBinder   : Building property tipo
2025-02-03T22:18:36.552-03:00 DEBUG 23656 --- [alertasmain] [           main] o.h.b.r.c.i.ClassLoaderServiceImpl       : HHH000194: Package not found or no package-info.java: com.backendalertas.alertasmain.model
2025-02-03T22:18:36.565-03:00 DEBUG 23656 --- [alertasmain] [           main] o.h.b.model.internal.BasicValueBinder    : Starting `BasicValueBinder#fillSimpleValue` for id
2025-02-03T22:18:36.569-03:00 DEBUG 23656 --- [alertasmain] [           main] o.h.b.model.internal.BasicValueBinder    : Starting `BasicValueBinder#fillSimpleValue` for fecha
2025-02-03T22:18:36.569-03:00 DEBUG 23656 --- [alertasmain] [           main] o.h.b.model.internal.BasicValueBinder    : Starting `BasicValueBinder#fillSimpleValue` for hora
2025-02-03T22:18:36.569-03:00 DEBUG 23656 --- [alertasmain] [           main] o.h.b.model.internal.BasicValueBinder    : Starting `BasicValueBinder#fillSimpleValue` for idPaciente
2025-02-03T22:18:36.569-03:00 DEBUG 23656 --- [alertasmain] [           main] o.h.b.model.internal.BasicValueBinder    : Starting `BasicValueBinder#fillSimpleValue` for nivel
2025-02-03T22:18:36.569-03:00 DEBUG 23656 --- [alertasmain] [           main] o.h.b.model.internal.BasicValueBinder    : Starting `BasicValueBinder#fillSimpleValue` for tipo
2025-02-03T22:18:36.584-03:00 DEBUG 23656 --- [alertasmain] [           main] org.hibernate.mapping.PrimaryKey         : Forcing column [alerta_id] to be non-null as it is part of the primary key for table [alertas]
2025-02-03T22:18:36.763-03:00 DEBUG 23656 --- [alertasmain] [           main] o.hibernate.internal.SessionFactoryImpl  : Building session factory
2025-02-03T22:18:36.872-03:00 DEBUG 23656 --- [alertasmain] [           main] .h.s.i.SessionFactoryServiceRegistryImpl : EventListenerRegistry access via ServiceRegistry is deprecated.  Use `sessionFactory.getEventEngine().getListenerRegistry()` instead
2025-02-03T22:18:36.873-03:00 DEBUG 23656 --- [alertasmain] [           main] o.hibernate.internal.SessionFactoryImpl  : Instantiating SessionFactory with settings: {java.specification.version=22, sun.cpu.isalist=amd64, hibernate.resource.beans.container=org.springframework.orm.hibernate5.SpringBeanContainer@6e80de85, hibernate.connection.handling_mode=DELAYED_ACQUISITION_AND_HOLD, sun.jnu.encoding=Cp1252, hibernate.dialect=org.hibernate.dialect.OracleDialect, hibernate.implicit_naming_strategy=org.springframework.boot.orm.jpa.hibernate.SpringImplicitNamingStrategy, java.class.path=C:\Users\alexi\OneDrive\Escritorio\CloudNativeProject\alertasmain\target\test-classes;C:\Users\alexi\OneDrive\Escritorio\CloudNativeProject\alertasmain\target\classes;C:\Users\alexi\.m2\repository\org\springframework\boot\spring-boot-starter-actuator\3.5.0-SNAPSHOT\spring-boot-starter-actuator-3.5.0-SNAPSHOT.jar;C:\Users\alexi\.m2\repository\org\springframework\boot\spring-boot-starter\3.5.0-SNAPSHOT\spring-boot-starter-3.5.0-SNAPSHOT.jar;C:\Users\alexi\.m2\repository\org\springframework\boot\spring-boot-starter-logging\3.5.0-SNAPSHOT\spring-boot-starter-logging-3.5.0-SNAPSHOT.jar;C:\Users\alexi\.m2\repository\ch\qos\logback\logback-classic\1.5.16\logback-classic-1.5.16.jar;C:\Users\alexi\.m2\repository\ch\qos\logback\logback-core\1.5.16\logback-core-1.5.16.jar;C:\Users\alexi\.m2\repository\org\apache\logging\log4j\log4j-to-slf4j\2.24.3\log4j-to-slf4j-2.24.3.jar;C:\Users\alexi\.m2\repository\org\apache\logging\log4j\log4j-api\2.24.3\log4j-api-2.24.3.jar;C:\Users\alexi\.m2\repository\org\slf4j\jul-to-slf4j\2.0.16\jul-to-slf4j-2.0.16.jar;C:\Users\alexi\.m2\repository\jakarta\annotation\jakarta.annotation-api\2.1.1\jakarta.annotation-api-2.1.1.jar;C:\Users\alexi\.m2\repository\org\yaml\snakeyaml\2.3\snakeyaml-2.3.jar;C:\Users\alexi\.m2\repository\org\springframework\boot\spring-boot-actuator-autoconfigure\3.5.0-SNAPSHOT\spring-boot-actuator-autoconfigure-3.5.0-SNAPSHOT.jar;C:\Users\alexi\.m2\repository\org\springframework\boot\spring-boot-actuator\3.5.0-SNAPSHOT\spring-boot-actuator-3.5.0-SNAPSHOT.jar;C:\Users\alexi\.m2\repository\com\fasterxml\jackson\core\jackson-databind\2.18.2\jackson-databind-2.18.2.jar;C:\Users\alexi\.m2\repository\com\fasterxml\jackson\core\jackson-annotations\2.18.2\jackson-annotations-2.18.2.jar;C:\Users\alexi\.m2\repository\com\fasterxml\jackson\core\jackson-core\2.18.2\jackson-core-2.18.2.jar;C:\Users\alexi\.m2\repository\com\fasterxml\jackson\datatype\jackson-datatype-jsr310\2.18.2\jackson-datatype-jsr310-2.18.2.jar;C:\Users\alexi\.m2\repository\io\micrometer\micrometer-observation\1.15.0-M1\micrometer-observation-1.15.0-M1.jar;C:\Users\alexi\.m2\repository\io\micrometer\micrometer-commons\1.15.0-M1\micrometer-commons-1.15.0-M1.jar;C:\Users\alexi\.m2\repository\io\micrometer\micrometer-jakarta9\1.15.0-M1\micrometer-jakarta9-1.15.0-M1.jar;C:\Users\alexi\.m2\repository\io\micrometer\micrometer-core\1.15.0-M1\micrometer-core-1.15.0-M1.jar;C:\Users\alexi\.m2\repository\org\hdrhistogram\HdrHistogram\2.2.2\HdrHistogram-2.2.2.jar;C:\Users\alexi\.m2\repository\org\latencyutils\LatencyUtils\2.0.3\LatencyUtils-2.0.3.jar;C:\Users\alexi\.m2\repository\org\springframework\boot\spring-boot-starter-data-jpa\3.5.0-SNAPSHOT\spring-boot-starter-data-jpa-3.5.0-SNAPSHOT.jar;C:\Users\alexi\.m2\repository\org\springframework\boot\spring-boot-starter-jdbc\3.5.0-SNAPSHOT\spring-boot-starter-jdbc-3.5.0-SNAPSHOT.jar;C:\Users\alexi\.m2\repository\com\zaxxer\HikariCP\6.2.1\HikariCP-6.2.1.jar;C:\Users\alexi\.m2\repository\org\springframework\spring-jdbc\6.2.2\spring-jdbc-6.2.2.jar;C:\Users\alexi\.m2\repository\org\hibernate\orm\hibernate-core\6.6.5.Final\hibernate-core-6.6.5.Final.jar;C:\Users\alexi\.m2\repository\jakarta\persistence\jakarta.persistence-api\3.1.0\jakarta.persistence-api-3.1.0.jar;C:\Users\alexi\.m2\repository\jakarta\transaction\jakarta.transaction-api\2.0.1\jakarta.transaction-api-2.0.1.jar;C:\Users\alexi\.m2\repository\org\jboss\logging\jboss-logging\3.6.1.Final\jboss-logging-3.6.1.Final.jar;C:\Users\alexi\.m2\repository\org\hibernate\common\hibernate-commons-annotations\7.0.3.Final\hibernate-commons-annotations-7.0.3.Final.jar;C:\Users\alexi\.m2\repository\io\smallrye\jandex\3.2.0\jandex-3.2.0.jar;C:\Users\alexi\.m2\repository\com\fasterxml\classmate\1.7.0\classmate-1.7.0.jar;C:\Users\alexi\.m2\repository\net\bytebuddy\byte-buddy\1.16.1\byte-buddy-1.16.1.jar;C:\Users\alexi\.m2\repository\org\glassfish\jaxb\jaxb-runtime\4.0.5\jaxb-runtime-4.0.5.jar;C:\Users\alexi\.m2\repository\org\glassfish\jaxb\jaxb-core\4.0.5\jaxb-core-4.0.5.jar;C:\Users\alexi\.m2\repository\org\eclipse\angus\angus-activation\2.0.2\angus-activation-2.0.2.jar;C:\Users\alexi\.m2\repository\org\glassfish\jaxb\txw2\4.0.5\txw2-4.0.5.jar;C:\Users\alexi\.m2\repository\com\sun\istack\istack-commons-runtime\4.1.2\istack-commons-runtime-4.1.2.jar;C:\Users\alexi\.m2\repository\jakarta\inject\jakarta.inject-api\2.0.1\jakarta.inject-api-2.0.1.jar;C:\Users\alexi\.m2\repository\org\antlr\antlr4-runtime\4.13.0\antlr4-runtime-4.13.0.jar;C:\Users\alexi\.m2\repository\org\springframework\data\spring-data-jpa\3.4.2\spring-data-jpa-3.4.2.jar;C:\Users\alexi\.m2\repository\org\springframework\data\spring-data-commons\3.4.2\spring-data-commons-3.4.2.jar;C:\Users\alexi\.m2\repository\org\springframework\spring-orm\6.2.2\spring-orm-6.2.2.jar;C:\Users\alexi\.m2\repository\org\springframework\spring-context\6.2.2\spring-context-6.2.2.jar;C:\Users\alexi\.m2\repository\org\springframework\spring-tx\6.2.2\spring-tx-6.2.2.jar;C:\Users\alexi\.m2\repository\org\spri
[...]
      Did not match:
         - @ConditionalOnAvailableEndpoint the configured access for endpoint 'shutdown' is NONE (OnAvailableEndpointCondition)

   SignalFxMetricsExportAutoConfiguration:
      Did not match:
         - @ConditionalOnClass did not find required class 'io.micrometer.signalfx.SignalFxMeterRegistry' (OnClassCondition)

   SpringApplicationAdminJmxAutoConfiguration:
      Did not match:
         - @ConditionalOnBooleanProperty (spring.application.admin.enabled=true) did not find property 'spring.application.admin.enabled' (OnPropertyCondition)

   SpringBootWebSecurityConfiguration.SecurityFilterChainConfiguration:
      Did not match:
         - AllNestedConditions 1 matched 1 did not; NestedCondition on DefaultWebSecurityCondition.Beans @ConditionalOnMissingBean (types: org.springframework.security.web.SecurityFilterChain; SearchStrategy: all) found beans of type 'org.springframework.security.web.SecurityFilterChain' securityFilterChain; NestedCondition on DefaultWebSecurityCondition.Classes @ConditionalOnClass found required classes 'org.springframework.security.web.SecurityFilterChain', 'org.springframework.security.config.annotation.web.builders.HttpSecurity' (DefaultWebSecurityCondition)

   SslObservabilityAutoConfiguration#sslInfoProvider:
      Did not match:
         - @ConditionalOnMissingBean (types: org.springframework.boot.info.SslInfo; SearchStrategy: all) found beans of type 'org.springframework.boot.info.SslInfo' sslInfo (OnBeanCondition)

   StackdriverMetricsExportAutoConfiguration:
      Did not match:
         - @ConditionalOnClass did not find required class 'io.micrometer.stackdriver.StackdriverMeterRegistry' (OnClassCondition)

   StartupEndpointAutoConfiguration:
      Did not match:
         - ApplicationStartup configured applicationStartup is of type class org.springframework.core.metrics.DefaultApplicationStartup, expected BufferingApplicationStartup. (StartupEndpointAutoConfiguration.ApplicationStartupCondition)

   StatsdMetricsExportAutoConfiguration:
      Did not match:
         - @ConditionalOnClass did not find required class 'io.micrometer.statsd.StatsdMeterRegistry' (OnClassCondition)

   TaskExecutorConfigurations.SimpleAsyncTaskExecutorBuilderConfiguration#simpleAsyncTaskExecutorBuilderVirtualThreads:
      Did not match:
         - @ConditionalOnMissingBean (types: org.springframework.boot.task.SimpleAsyncTaskExecutorBuilder; SearchStrategy: all) found beans of type 'org.springframework.boot.task.SimpleAsyncTaskExecutorBuilder' simpleAsyncTaskExecutorBuilder (OnBeanCondition)

   TaskExecutorConfigurations.TaskExecutorConfiguration#applicationTaskExecutorVirtualThreads:
      Did not match:
         - @ConditionalOnThreading did not find VIRTUAL (OnThreadingCondition)

   TaskSchedulingAutoConfiguration#scheduledBeanLazyInitializationExcludeFilter:
      Did not match:
         - @ConditionalOnBean (names: org.springframework.context.annotation.internalScheduledAnnotationProcessor; SearchStrategy: all) did not find any beans named org.springframework.context.annotation.internalScheduledAnnotationProcessor (OnBeanCondition)

   TaskSchedulingConfigurations.SimpleAsyncTaskSchedulerBuilderConfiguration#simpleAsyncTaskSchedulerBuilderVirtualThreads:
      Did not match:
         - @ConditionalOnMissingBean (types: org.springframework.boot.task.SimpleAsyncTaskSchedulerBuilder; SearchStrategy: all) found beans of type 'org.springframework.boot.task.SimpleAsyncTaskSchedulerBuilder' simpleAsyncTaskSchedulerBuilder (OnBeanCondition)

   TaskSchedulingConfigurations.TaskSchedulerConfiguration:
      Did not match:
         - @ConditionalOnBean (names: org.springframework.context.annotation.internalScheduledAnnotationProcessor; SearchStrategy: all) did not find any beans named org.springframework.context.annotation.internalScheduledAnnotationProcessor (OnBeanCondition)

   ThreadDumpEndpointAutoConfiguration:
      Did not match:
         - @ConditionalOnAvailableEndpoint not exposed (OnAvailableEndpointCondition)

   ThymeleafAutoConfiguration:
      Did not match:
         - @ConditionalOnClass did not find required class 'org.thymeleaf.spring6.SpringTemplateEngine' (OnClassCondition)

   TransactionAutoConfiguration#transactionalOperator:
      Did not match:
         - @ConditionalOnSingleCandidate (types: org.springframework.transaction.ReactiveTransactionManager; SearchStrategy: all) did not find any beans (OnBeanCondition)

   TransactionAutoConfiguration.AspectJTransactionManagementConfiguration:
      Did not match:
         - @ConditionalOnBean (types: org.springframework.transaction.aspectj.AbstractTransactionAspect; SearchStrategy: all) did not find any beans of type org.springframework.transaction.aspectj.AbstractTransactionAspect (OnBeanCondition)

   TransactionAutoConfiguration.EnableTransactionManagementConfiguration.JdkDynamicAutoProxyConfiguration:
      Did not match:
         - @ConditionalOnBooleanProperty (spring.aop.proxy-target-class=false) did not find property 'spring.aop.proxy-target-class' (OnPropertyCondition)

   UserDetailsServiceAutoConfiguration:
      Did not match:
         - AnyNestedCondition 0 matched 3 did not; NestedCondition on UserDetailsServiceAutoConfiguration.MissingAlternativeOrUserPropertiesConfigured.PasswordConfigured @ConditionalOnProperty (spring.security.user.password) did not find property 'spring.security.user.password'; NestedCondition on UserDetailsServiceAutoConfiguration.MissingAlternativeOrUserPropertiesConfigured.NameConfigured @ConditionalOnProperty (spring.security.user.name) did not find property 'spring.security.user.name'; NestedCondition on UserDetailsServiceAutoConfiguration.MissingAlternativeOrUserPropertiesConfigured.MissingAlternative @ConditionalOnMissingClass found unwanted class 'org.springframework.security.oauth2.server.resource.introspection.OpaqueTokenIntrospector' (UserDetailsServiceAutoConfiguration.MissingAlternativeOrUserPropertiesConfigured)
      Matched:
         - @ConditionalOnClass found required class 'org.springframework.security.authentication.AuthenticationManager' (OnClassCondition)
         - found 'session' scope (OnWebApplicationCondition)

   ValidationAutoConfiguration:
      Did not match:
         - @ConditionalOnClass did not find required class 'jakarta.validation.executable.ExecutableValidator' (OnClassCondition)

   WavefrontAutoConfiguration:
      Did not match:
         - @ConditionalOnClass did not find required class 'com.wavefront.sdk.common.application.ApplicationTags' (OnClassCondition)

   WavefrontMetricsExportAutoConfiguration:
      Did not match:
         - @ConditionalOnClass did not find required class 'com.wavefront.sdk.common.WavefrontSender' (OnClassCondition)

   WavefrontTracingAutoConfiguration:
      Did not match:
         - @ConditionalOnClass did not find required class 'com.wavefront.sdk.common.WavefrontSender' (OnClassCondition)

   WebClientAutoConfiguration:
      Did not match:
         - @ConditionalOnClass did not find required class 'org.springframework.web.reactive.function.client.WebClient' (OnClassCondition)

   WebClientObservationConfiguration:
      Did not match:
         - @ConditionalOnClass did not find required class 'org.springframework.web.reactive.function.client.WebClient' (OnClassCondition)

   WebFluxAutoConfiguration:
      Did not match:
         - @ConditionalOnClass did not find required class 'org.springframework.web.reactive.config.WebFluxConfigurer' (OnClassCondition)

   WebFluxEndpointManagementContextConfiguration:
      Did not match:
         - @ConditionalOnClass did not find required class 'org.springframework.web.reactive.DispatcherHandler' (OnClassCondition)

   WebFluxObservationAutoConfiguration:
      Did not match:
         - @ConditionalOnWebApplication did not find reactive web application classes (OnWebApplicationCondition)

   WebMvcAutoConfiguration#hiddenHttpMethodFilter:
      Did not match:
         - @ConditionalOnBooleanProperty (spring.mvc.hiddenmethod.filter.enabled=true) did not find property 'spring.mvc.hiddenmethod.filter.enabled' (OnPropertyCondition)

   WebMvcAutoConfiguration.ProblemDetailsErrorHandlingConfiguration:
      Did not match:
         - @ConditionalOnBooleanProperty (spring.mvc.problemdetails.enabled=true) did not find property 'spring.mvc.problemdetails.enabled' (OnPropertyCondition)

   WebMvcAutoConfiguration.ResourceChainCustomizerConfiguration:
      Did not match:
         - @ConditionalOnEnabledResourceChain did not find class org.webjars.WebJarVersionLocator (OnEnabledResourceChainCondition)

   WebMvcAutoConfiguration.WebMvcAutoConfigurationAdapter#beanNameViewResolver:
      Did not match:
         - @ConditionalOnMissingBean (types: org.springframework.web.servlet.view.BeanNameViewResolver; SearchStrategy: all) found beans of type 'org.springframework.web.servlet.view.BeanNameViewResolver' beanNameViewResolver (OnBeanCondition)

   WebMvcEndpointManagementContextConfiguration#managementHealthEndpointWebMvcHandlerMapping:
      Did not match:
         - Management Port actual port type (SAME) did not match required type (DIFFERENT) (OnManagementPortCondition)

   WebServiceTemplateAutoConfiguration:
      Did not match:
         - @ConditionalOnClass did not find required class 'org.springframework.oxm.Marshaller' (OnClassCondition)

   WebServicesAutoConfiguration:
      Did not match:
         - @ConditionalOnClass did not find required class 'org.springframework.ws.transport.http.MessageDispatcherServlet' (OnClassCondition)

   WebSessionIdResolverAutoConfiguration:
      Did not match:
         - @ConditionalOnClass did not find required class 'reactor.core.publisher.Mono' (OnClassCondition)

   WebSocketMessagingAutoConfiguration:
      Did not match:
         - @ConditionalOnClass did not find required class 'org.springframework.web.socket.config.annotation.WebSocketMessageBrokerConfigurer' (OnClassCondition)

   WebSocketReactiveAutoConfiguration:
      Did not match:
         - @ConditionalOnWebApplication did not find reactive web application classes (OnWebApplicationCondition)

   WebSocketServletAutoConfiguration.JettyWebSocketConfiguration:
      Did not match:
         - @ConditionalOnClass did not find required class 'org.eclipse.jetty.ee10.websocket.jakarta.server.config.JakartaWebSocketServletContainerInitializer' (OnClassCondition)

   WebSocketServletAutoConfiguration.UndertowWebSocketConfiguration:
      Did not match:
         - @ConditionalOnClass did not find required class 'io.undertow.websockets.jsr.Bootstrap' (OnClassCondition)

   XADataSourceAutoConfiguration:
      Did not match:
         - @ConditionalOnBean (types: org.springframework.boot.jdbc.XADataSourceWrapper; SearchStrategy: all) did not find any beans of type org.springframework.boot.jdbc.XADataSourceWrapper (OnBeanCondition)
      Matched:
         - @ConditionalOnClass found required classes 'javax.sql.DataSource', 'jakarta.transaction.TransactionManager', 'org.springframework.jdbc.datasource.embedded.EmbeddedDatabaseType' (OnClassCondition)

   ZipkinAutoConfiguration:
      Did not match:
         - @ConditionalOnClass did not find required class 'zipkin2.reporter.Encoding' (OnClassCondition)


Exclusions:
-----------

    None


Unconditional classes:
----------------------

    org.springframework.boot.autoconfigure.context.ConfigurationPropertiesAutoConfiguration

    org.springframework.boot.actuate.autoconfigure.availability.AvailabilityHealthContributorAutoConfiguration

    org.springframework.boot.autoconfigure.ssl.SslAutoConfiguration

    org.springframework.boot.actuate.autoconfigure.info.InfoContributorAutoConfiguration

    org.springframework.boot.autoconfigure.context.PropertyPlaceholderAutoConfiguration

    org.springframework.boot.autoconfigure.context.LifecycleAutoConfiguration

    org.springframework.boot.actuate.autoconfigure.metrics.integration.IntegrationMetricsAutoConfiguration

    org.springframework.boot.actuate.autoconfigure.endpoint.EndpointAutoConfiguration

    org.springframework.boot.actuate.autoconfigure.web.server.ManagementContextAutoConfiguration

    org.springframework.boot.actuate.autoconfigure.health.HealthContributorAutoConfiguration

    org.springframework.boot.actuate.autoconfigure.endpoint.jackson.JacksonEndpointAutoConfiguration

    org.springframework.boot.autoconfigure.availability.ApplicationAvailabilityAutoConfiguration

    org.springframework.boot.autoconfigure.info.ProjectInfoAutoConfiguration



2025-02-03T22:18:44.073-03:00  INFO 23656 --- [alertasmain] [           main] c.b.a.AlertasmainApplicationTests        : Started AlertasmainApplicationTests in 17.488 seconds (process running for 19.632)
2025-02-03T22:18:44.086-03:00 DEBUG 23656 --- [alertasmain] [           main] o.s.b.a.ApplicationAvailabilityBean      : Application availability state LivenessState changed to CORRECT
2025-02-03T22:18:44.093-03:00 DEBUG 23656 --- [alertasmain] [           main] o.s.boot.devtools.restart.Restarter      : Creating new Restarter for thread Thread[#1,main,5,main]
2025-02-03T22:18:44.095-03:00 DEBUG 23656 --- [alertasmain] [           main] o.s.b.a.ApplicationAvailabilityBean      : Application availability state ReadinessState changed to ACCEPTING_TRAFFIC
2025-02-03T22:18:44.101-03:00 DEBUG 23656 --- [alertasmain] [           main] org.springframework.test.context.cache   : Spring test ApplicationContext cache statistics: [DefaultContextCache@47ba8e3c size = 1, maxSize = 32, parentContextCount = 0, hitCount = 0, missCount = 1, failureCount = 0]
2025-02-03T22:18:44.102-03:00 DEBUG 23656 --- [alertasmain] [           main] o.s.t.c.w.ServletTestExecutionListener   : Setting up MockHttpServletRequest, MockHttpServletResponse, ServletWebRequest, and RequestContextHolder for test class com.backendalertas.alertasmain.AlertasmainApplicationTests
2025-02-03T22:18:44.136-03:00 DEBUG 23656 --- [alertasmain] [           main] DependencyInjectionTestExecutionListener : Performing dependency injection for test class com.backendalertas.alertasmain.AlertasmainApplicationTests
2025-02-03T22:18:44.136-03:00 DEBUG 23656 --- [alertasmain] [           main] org.springframework.test.context.cache   : Spring test ApplicationContext cache statistics: [DefaultContextCache@47ba8e3c size = 1, maxSize = 32, parentContextCount = 0, hitCount = 1, missCount = 1, failureCount = 0]
2025-02-03T22:18:44.139-03:00 DEBUG 23656 --- [alertasmain] [           main] org.springframework.test.context.cache   : Spring test ApplicationContext cache statistics: [DefaultContextCache@47ba8e3c size = 1, maxSize = 32, parentContextCount = 0, hitCount = 2, missCount = 1, failureCount = 0]
2025-02-03T22:18:44.154-03:00 DEBUG 23656 --- [alertasmain] [           main] sContextBeforeModesTestExecutionListener : Before test method: class [AlertasmainApplicationTests], method [contextLoads], class annotated with @DirtiesContext [false] with mode [null], method annotated with @DirtiesContext [false] with mode [null]
2025-02-03T22:18:44.162-03:00 DEBUG 23656 --- [alertasmain] [           main] org.springframework.test.context.cache   : Spring test ApplicationContext cache statistics: [DefaultContextCache@47ba8e3c size = 1, maxSize = 32, parentContextCount = 0, hitCount = 3, missCount = 1, failureCount = 0]
2025-02-03T22:18:44.165-03:00 DEBUG 23656 --- [alertasmain] [           main] org.springframework.test.context.cache   : Spring test ApplicationContext cache statistics: [DefaultContextCache@47ba8e3c size = 1, maxSize = 32, parentContextCount = 0, hitCount = 4, missCount = 1, failureCount = 0]
2025-02-03T22:18:45.205-03:00 DEBUG 23656 --- [alertasmain] [           main] org.springframework.test.context.cache   : Spring test ApplicationContext cache statistics: [DefaultContextCache@47ba8e3c size = 1, maxSize = 32, parentContextCount = 0, hitCount = 5, missCount = 1, failureCount = 0]
2025-02-03T22:18:45.207-03:00 DEBUG 23656 --- [alertasmain] [           main] org.springframework.test.context.cache   : Spring test ApplicationContext cache statistics: [DefaultContextCache@47ba8e3c size = 1, maxSize = 32, parentContextCount = 0, hitCount = 6, missCount = 1, failureCount = 0]
2025-02-03T22:18:45.223-03:00 DEBUG 23656 --- [alertasmain] [           main] org.springframework.test.context.cache   : Spring test ApplicationContext cache statistics: [DefaultContextCache@47ba8e3c size = 1, maxSize = 32, parentContextCount = 0, hitCount = 7, missCount = 1, failureCount = 0]
2025-02-03T22:18:45.223-03:00 DEBUG 23656 --- [alertasmain] [           main] org.springframework.test.context.cache   : Spring test ApplicationContext cache statistics: [DefaultContextCache@47ba8e3c size = 1, maxSize = 32, parentContextCount = 0, hitCount = 8, missCount = 1, failureCount = 0]
2025-02-03T22:18:45.223-03:00 DEBUG 23656 --- [alertasmain] [           main] org.springframework.test.context.cache   : Spring test ApplicationContext cache statistics: [DefaultContextCache@47ba8e3c size = 1, maxSize = 32, parentContextCount = 0, hitCount = 9, missCount = 1, failureCount = 0]
2025-02-03T22:18:45.223-03:00 DEBUG 23656 --- [alertasmain] [           main] org.springframework.test.context.cache   : Spring test ApplicationContext cache statistics: [DefaultContextCache@47ba8e3c size = 1, maxSize = 32, parentContextCount = 0, hitCount = 10, missCount = 1, failureCount = 0]
2025-02-03T22:18:45.223-03:00 DEBUG 23656 --- [alertasmain] [           main] org.springframework.test.context.cache   : Spring test ApplicationContext cache statistics: [DefaultContextCache@47ba8e3c size = 1, maxSize = 32, parentContextCount = 0, hitCount = 11, missCount = 1, failureCount = 0]
2025-02-03T22:18:45.223-03:00 DEBUG 23656 --- [alertasmain] [           main] org.springframework.test.context.cache   : Spring test ApplicationContext cache statistics: [DefaultContextCache@47ba8e3c size = 1, maxSize = 32, parentContextCount = 0, hitCount = 12, missCount = 1, failureCount = 0]
2025-02-03T22:18:45.223-03:00 DEBUG 23656 --- [alertasmain] [           main] org.springframework.test.context.cache   : Spring test ApplicationContext cache statistics: [DefaultContextCache@47ba8e3c size = 1, maxSize = 32, parentContextCount = 0, hitCount = 13, missCount = 1, failureCount = 0]
2025-02-03T22:18:45.223-03:00 DEBUG 23656 --- [alertasmain] [           main] org.springframework.test.context.cache   : Spring test ApplicationContext cache statistics: [DefaultContextCache@47ba8e3c size = 1, maxSize = 32, parentContextCount = 0, hitCount = 14, missCount = 1, failureCount = 0]
2025-02-03T22:18:45.223-03:00 DEBUG 23656 --- [alertasmain] [           main] .c.s.DirtiesContextTestExecutionListener : After test method: class [AlertasmainApplicationTests], method [contextLoads], class annotated with @DirtiesContext [false] with mode [null], method annotated with @DirtiesContext [false] with mode [null]
2025-02-03T22:18:45.223-03:00 DEBUG 23656 --- [alertasmain] [           main] o.s.t.c.w.ServletTestExecutionListener   : Resetting RequestContextHolder for test class com.backendalertas.alertasmain.AlertasmainApplicationTests
]]></system-out>
    <system-err><![CDATA[Mockito is currently self-attaching to enable the inline-mock-maker. This will no longer work in future releases of the JDK. Please add Mockito as an agent to your build as described in Mockito's documentation: https://javadoc.io/doc/org.mockito/mockito-core/latest/org/mockito/Mockito.html#0.3
WARNING: A Java agent has been loaded dynamically (C:\Users\alexi\.m2\repository\net\bytebuddy\byte-buddy-agent\1.16.1\byte-buddy-agent-1.16.1.jar)
WARNING: If a serviceability tool is in use, please run with -XX:+EnableDynamicAgentLoading to hide this warning
WARNING: If a serviceability tool is not in use, please run with -Djdk.instrument.traceUsage for more information
WARNING: Dynamic loading of agents will be disallowed by default in a future release
]]></system-err>
  </testcase>
</testsuite>